[2026-03-23T18:27:00.039Z] 🚀 Starting processCreateContract for File ID: SetContractAndServices_23032026_191537 with 3 records.
[2026-03-23T18:27:00.040Z] ⚙️ Throttle: 5 TPS (200ms between calls)
[2026-03-23T18:27:00.042Z] --- Processing Line 1 of 3 ---
[2026-03-23T18:27:00.045Z] Sending SOAP request to http://127.0.0.1:0170/BusinessProcess/Interfaces/intfContract-service.serviceagent/ContractEndPoint...
[2026-03-23T18:27:00.046Z] Payload snippet:
<soapenv:Envelope xmlns:soapenv="http://schemas.xmlsoap.org/soap/envelope/" xmlns:wsh="http://www.ooredoo.dz/wsheader" xmlns:set="http://www.ooredoo.dz/ws/contract/setContractAndServices">
   <soapenv:Header>
      <wsse:Security soapenv:mustUnderstand="0" xmlns:wsse="http://docs.oasis-open.org/wss/2004/01/oasis-200401-wss-wssecurity-secext-1.0.xsd">
         <wsse:UsernameToken wsu:Id="UsernameToken-16739353" xmlns:wsu="http://docs.oasis-open.org/wss/2004/01/oasis-200401-wss-wssecurity-utility-...
[2026-03-23T18:27:00.207Z] ❌ Line 1 FAILED. Error Message: Request failed with status code 500
[2026-03-23T18:27:00.209Z] WS Error Status: 500
[2026-03-23T18:27:00.211Z] 📋 TransactionId (from fault): 1c598900-71fd-4b57-b7c7-7b7da755d85c
[2026-03-23T18:27:00.213Z] WS Error Response Body:
<SOAP-ENV:Envelope xmlns:SOAP-ENV="http://schemas.xmlsoap.org/soap/envelope/"><SOAP-ENV:Header/><SOAP-ENV:Body><SOAP-ENV:Fault><faultcode>InvalidParameterException</faultcode><faultstring>Offer 678 is not allowed for template </faultstring><faultactor/><detail><ns:Error xmlns:ns="http://www.ooredoo.dz/common/wsexception/v1" xmlns:ns0="http://schemas.xmlsoap.org/soap/envelope/" xmlns:xs="http://www.w3.org/2001/XMLSchema" xmlns:xsi="http://www.w3.org/2001/XMLSchema-instance"><ns:Detail><ns:TransactionId>1c598900-71fd-4b57-b7c7-7b7da755d85c</ns:TransactionId><ns:ExceptionDetails><ns:Exception><ns:key>DetailException</ns:key><ns:value>Offer 678 is not allowed for template </ns:value></ns:Exception></ns:ExceptionDetails></ns:Detail></ns:Error></detail></SOAP-ENV:Fault></SOAP-ENV:Body></SOAP-ENV:Envelope>
[2026-03-23T18:27:00.216Z] 💾 Batch file updated: line 1 → transactionId=1c598900-71fd-4b57-b7c7-7b7da755d85c, status=FAILED
[2026-03-23T18:27:00.429Z] --- Processing Line 2 of 3 ---
[2026-03-23T18:27:00.432Z] Sending SOAP request to http://127.0.0.1:0170/BusinessProcess/Interfaces/intfContract-service.serviceagent/ContractEndPoint...
[2026-03-23T18:27:00.433Z] Payload snippet:
<soapenv:Envelope xmlns:soapenv="http://schemas.xmlsoap.org/soap/envelope/" xmlns:wsh="http://www.ooredoo.dz/wsheader" xmlns:set="http://www.ooredoo.dz/ws/contract/setContractAndServices">
   <soapenv:Header>
      <wsse:Security soapenv:mustUnderstand="0" xmlns:wsse="http://docs.oasis-open.org/wss/2004/01/oasis-200401-wss-wssecurity-secext-1.0.xsd">
         <wsse:UsernameToken wsu:Id="UsernameToken-16739353" xmlns:wsu="http://docs.oasis-open.org/wss/2004/01/oasis-200401-wss-wssecurity-utility-...
[2026-03-23T18:27:00.513Z] ❌ Line 2 FAILED. Error Message: Request failed with status code 500
[2026-03-23T18:27:00.515Z] WS Error Status: 500
[2026-03-23T18:27:00.516Z] 📋 TransactionId (from fault): 561a60ba-51a0-4060-8b57-8289e31a14b4
[2026-03-23T18:27:00.518Z] WS Error Response Body:
<SOAP-ENV:Envelope xmlns:SOAP-ENV="http://schemas.xmlsoap.org/soap/envelope/"><SOAP-ENV:Header/><SOAP-ENV:Body><SOAP-ENV:Fault><faultcode>InvalidParameterException</faultcode><faultstring>Offer 678 is not allowed for template </faultstring><faultactor/><detail><ns:Error xmlns:ns="http://www.ooredoo.dz/common/wsexception/v1" xmlns:ns0="http://schemas.xmlsoap.org/soap/envelope/" xmlns:xs="http://www.w3.org/2001/XMLSchema" xmlns:xsi="http://www.w3.org/2001/XMLSchema-instance"><ns:Detail><ns:TransactionId>561a60ba-51a0-4060-8b57-8289e31a14b4</ns:TransactionId><ns:ExceptionDetails><ns:Exception><ns:key>DetailException</ns:key><ns:value>Offer 678 is not allowed for template </ns:value></ns:Exception></ns:ExceptionDetails></ns:Detail></ns:Error></detail></SOAP-ENV:Fault></SOAP-ENV:Body></SOAP-ENV:Envelope>
[2026-03-23T18:27:00.523Z] 💾 Batch file updated: line 2 → transactionId=561a60ba-51a0-4060-8b57-8289e31a14b4, status=FAILED
[2026-03-23T18:27:00.731Z] --- Processing Line 3 of 3 ---
[2026-03-23T18:27:00.734Z] Sending SOAP request to http://127.0.0.1:0170/BusinessProcess/Interfaces/intfContract-service.serviceagent/ContractEndPoint...
[2026-03-23T18:27:00.736Z] Payload snippet:
<soapenv:Envelope xmlns:soapenv="http://schemas.xmlsoap.org/soap/envelope/" xmlns:wsh="http://www.ooredoo.dz/wsheader" xmlns:set="http://www.ooredoo.dz/ws/contract/setContractAndServices">
   <soapenv:Header>
      <wsse:Security soapenv:mustUnderstand="0" xmlns:wsse="http://docs.oasis-open.org/wss/2004/01/oasis-200401-wss-wssecurity-secext-1.0.xsd">
         <wsse:UsernameToken wsu:Id="UsernameToken-16739353" xmlns:wsu="http://docs.oasis-open.org/wss/2004/01/oasis-200401-wss-wssecurity-utility-...
[2026-03-23T18:27:00.820Z] ❌ Line 3 FAILED. Error Message: Request failed with status code 500
[2026-03-23T18:27:00.821Z] WS Error Status: 500
[2026-03-23T18:27:00.822Z] 📋 TransactionId (from fault): 0a840665-d1c8-4ced-b79f-14c557b3faf4
[2026-03-23T18:27:00.824Z] WS Error Response Body:
<SOAP-ENV:Envelope xmlns:SOAP-ENV="http://schemas.xmlsoap.org/soap/envelope/"><SOAP-ENV:Header/><SOAP-ENV:Body><SOAP-ENV:Fault><faultcode>InvalidParameterException</faultcode><faultstring>Offer 678 is not allowed for template </faultstring><faultactor/><detail><ns:Error xmlns:ns="http://www.ooredoo.dz/common/wsexception/v1" xmlns:ns0="http://schemas.xmlsoap.org/soap/envelope/" xmlns:xs="http://www.w3.org/2001/XMLSchema" xmlns:xsi="http://www.w3.org/2001/XMLSchema-instance"><ns:Detail><ns:TransactionId>0a840665-d1c8-4ced-b79f-14c557b3faf4</ns:TransactionId><ns:ExceptionDetails><ns:Exception><ns:key>DetailException</ns:key><ns:value>Offer 678 is not allowed for template </ns:value></ns:Exception></ns:ExceptionDetails></ns:Detail></ns:Error></detail></SOAP-ENV:Fault></SOAP-ENV:Body></SOAP-ENV:Envelope>
[2026-03-23T18:27:00.827Z] 💾 Batch file updated: line 3 → transactionId=0a840665-d1c8-4ced-b79f-14c557b3faf4, status=FAILED
[2026-03-23T18:27:00.833Z] 📊 Execution summary: 0 success, 3 failed, 0.79s elapsed, actual TPS: 3.80
[2026-03-23T18:27:00.835Z] ✅ Finished processCreateContract for File ID: SetContractAndServices_23032026_191537
