[2026-03-24T14:21:00.040Z] 🚀 Starting processCreateContract for File ID: SetContractAndServices_24032026_151908 with 3 records.
[2026-03-24T14:21:00.043Z] ⚙️ Throttle: 5 TPS (200ms between calls)
[2026-03-24T14:21:00.045Z] --- Processing Line 1 of 3 ---
[2026-03-24T14:21:00.049Z] Sending SOAP request to http://127.0.0.1:0170/BusinessProcess/Interfaces/intfContract-service.serviceagent/ContractEndPoint...
[2026-03-24T14:21:00.051Z] Payload snippet:
<soapenv:Envelope xmlns:soapenv="http://schemas.xmlsoap.org/soap/envelope/" xmlns:wsh="http://www.ooredoo.dz/wsheader" xmlns:set="http://www.ooredoo.dz/ws/contract/setContractAndServices">
   <soapenv:Header>
      <wsse:Security soapenv:mustUnderstand="0" xmlns:wsse="http://docs.oasis-open.org/wss/2004/01/oasis-200401-wss-wssecurity-secext-1.0.xsd">
         <wsse:UsernameToken wsu:Id="UsernameToken-16739353" xmlns:wsu="http://docs.oasis-open.org/wss/2004/01/oasis-200401-wss-wssecurity-utility-...
[2026-03-24T14:21:00.301Z] ❌ Line 1 FAILED. Error Message: Request failed with status code 500
[2026-03-24T14:21:00.305Z] WS Error Status: 500
[2026-03-24T14:21:00.307Z] 📋 TransactionId (from fault): ef22958d-113d-44ea-b3e0-6ab43837de1d
[2026-03-24T14:21:00.309Z] WS Error Response Body:
<SOAP-ENV:Envelope xmlns:SOAP-ENV="http://schemas.xmlsoap.org/soap/envelope/"><SOAP-ENV:Header/><SOAP-ENV:Body><SOAP-ENV:Fault><faultcode>InvalidParameterException</faultcode><faultstring>Offer 678 is not allowed for template </faultstring><faultactor/><detail><ns:Error xmlns:ns="http://www.ooredoo.dz/common/wsexception/v1" xmlns:ns0="http://schemas.xmlsoap.org/soap/envelope/" xmlns:xs="http://www.w3.org/2001/XMLSchema" xmlns:xsi="http://www.w3.org/2001/XMLSchema-instance"><ns:Detail><ns:TransactionId>ef22958d-113d-44ea-b3e0-6ab43837de1d</ns:TransactionId><ns:ExceptionDetails><ns:Exception><ns:key>DetailException</ns:key><ns:value>Offer 678 is not allowed for template </ns:value></ns:Exception></ns:ExceptionDetails></ns:Detail></ns:Error></detail></SOAP-ENV:Fault></SOAP-ENV:Body></SOAP-ENV:Envelope>
[2026-03-24T14:21:00.313Z] 💾 Batch file updated: line 1 → transactionId=ef22958d-113d-44ea-b3e0-6ab43837de1d, status=FAILED
[2026-03-24T14:21:00.529Z] --- Processing Line 2 of 3 ---
[2026-03-24T14:21:00.532Z] Sending SOAP request to http://127.0.0.1:0170/BusinessProcess/Interfaces/intfContract-service.serviceagent/ContractEndPoint...
[2026-03-24T14:21:00.533Z] Payload snippet:
<soapenv:Envelope xmlns:soapenv="http://schemas.xmlsoap.org/soap/envelope/" xmlns:wsh="http://www.ooredoo.dz/wsheader" xmlns:set="http://www.ooredoo.dz/ws/contract/setContractAndServices">
   <soapenv:Header>
      <wsse:Security soapenv:mustUnderstand="0" xmlns:wsse="http://docs.oasis-open.org/wss/2004/01/oasis-200401-wss-wssecurity-secext-1.0.xsd">
         <wsse:UsernameToken wsu:Id="UsernameToken-16739353" xmlns:wsu="http://docs.oasis-open.org/wss/2004/01/oasis-200401-wss-wssecurity-utility-...
[2026-03-24T14:21:00.817Z] ❌ Line 2 FAILED. Error Message: Request failed with status code 500
[2026-03-24T14:21:00.819Z] WS Error Status: 500
[2026-03-24T14:21:00.820Z] 📋 TransactionId (from fault): 0a4b383d-6dd4-447b-8acd-21950f45add3
[2026-03-24T14:21:00.822Z] WS Error Response Body:
<SOAP-ENV:Envelope xmlns:SOAP-ENV="http://schemas.xmlsoap.org/soap/envelope/"><SOAP-ENV:Header/><SOAP-ENV:Body><SOAP-ENV:Fault><faultcode>InvalidParameterException</faultcode><faultstring>Offer 678 is not allowed for template </faultstring><faultactor/><detail><ns:Error xmlns:ns="http://www.ooredoo.dz/common/wsexception/v1" xmlns:ns0="http://schemas.xmlsoap.org/soap/envelope/" xmlns:xs="http://www.w3.org/2001/XMLSchema" xmlns:xsi="http://www.w3.org/2001/XMLSchema-instance"><ns:Detail><ns:TransactionId>0a4b383d-6dd4-447b-8acd-21950f45add3</ns:TransactionId><ns:ExceptionDetails><ns:Exception><ns:key>DetailException</ns:key><ns:value>Offer 678 is not allowed for template </ns:value></ns:Exception></ns:ExceptionDetails></ns:Detail></ns:Error></detail></SOAP-ENV:Fault></SOAP-ENV:Body></SOAP-ENV:Envelope>
[2026-03-24T14:21:00.825Z] 💾 Batch file updated: line 2 → transactionId=0a4b383d-6dd4-447b-8acd-21950f45add3, status=FAILED
[2026-03-24T14:21:01.035Z] --- Processing Line 3 of 3 ---
[2026-03-24T14:21:01.038Z] Sending SOAP request to http://127.0.0.1:0170/BusinessProcess/Interfaces/intfContract-service.serviceagent/ContractEndPoint...
[2026-03-24T14:21:01.041Z] Payload snippet:
<soapenv:Envelope xmlns:soapenv="http://schemas.xmlsoap.org/soap/envelope/" xmlns:wsh="http://www.ooredoo.dz/wsheader" xmlns:set="http://www.ooredoo.dz/ws/contract/setContractAndServices">
   <soapenv:Header>
      <wsse:Security soapenv:mustUnderstand="0" xmlns:wsse="http://docs.oasis-open.org/wss/2004/01/oasis-200401-wss-wssecurity-secext-1.0.xsd">
         <wsse:UsernameToken wsu:Id="UsernameToken-16739353" xmlns:wsu="http://docs.oasis-open.org/wss/2004/01/oasis-200401-wss-wssecurity-utility-...
[2026-03-24T14:21:01.278Z] ❌ Line 3 FAILED. Error Message: Request failed with status code 500
[2026-03-24T14:21:01.280Z] WS Error Status: 500
[2026-03-24T14:21:01.282Z] 📋 TransactionId (from fault): 7aafafd5-7f31-45c3-ab2f-49453bb5f74d
[2026-03-24T14:21:01.284Z] WS Error Response Body:
<SOAP-ENV:Envelope xmlns:SOAP-ENV="http://schemas.xmlsoap.org/soap/envelope/"><SOAP-ENV:Header/><SOAP-ENV:Body><SOAP-ENV:Fault><faultcode>InvalidParameterException</faultcode><faultstring>Offer 678 is not allowed for template </faultstring><faultactor/><detail><ns:Error xmlns:ns="http://www.ooredoo.dz/common/wsexception/v1" xmlns:ns0="http://schemas.xmlsoap.org/soap/envelope/" xmlns:xs="http://www.w3.org/2001/XMLSchema" xmlns:xsi="http://www.w3.org/2001/XMLSchema-instance"><ns:Detail><ns:TransactionId>7aafafd5-7f31-45c3-ab2f-49453bb5f74d</ns:TransactionId><ns:ExceptionDetails><ns:Exception><ns:key>DetailException</ns:key><ns:value>Offer 678 is not allowed for template </ns:value></ns:Exception></ns:ExceptionDetails></ns:Detail></ns:Error></detail></SOAP-ENV:Fault></SOAP-ENV:Body></SOAP-ENV:Envelope>
[2026-03-24T14:21:01.287Z] 💾 Batch file updated: line 3 → transactionId=7aafafd5-7f31-45c3-ab2f-49453bb5f74d, status=FAILED
[2026-03-24T14:21:01.293Z] 📊 Execution summary: 0 success, 3 failed, 1.25s elapsed, actual TPS: 2.40
[2026-03-24T14:21:01.295Z] ✅ Finished processCreateContract for File ID: SetContractAndServices_24032026_151908
