[2026-03-29T13:03:00.041Z] 🚀 Starting processCreateContract for File ID: SetContractAndServices_29032026_140127 with 49 records.
[2026-03-29T13:03:00.043Z] --- Processing Line 1 of 49 ---
[2026-03-29T13:03:00.105Z] ❌ Line 1 FAILED: Request failed with status code 500
[2026-03-29T13:03:00.108Z]    DEBUG: WS Response Content: <SOAP-ENV:Envelope xmlns:SOAP-ENV="http://schemas.xmlsoap.org/soap/envelope/"><SOAP-ENV:Header/><SOAP-ENV:Body><SOAP-ENV:Fault><faultcode>InvalidInputDataException</faultcode><faultstring> org.xml.sax.SAXException: validation error: data &quot;xxx&quot; is not a valid long.  A valid example is &quot;-1, 0, 12678967543233, +100000&quot;.   ({com.tibco.xml.validation}SIMPLE_E_INVALID_VALUE_FOR_TYPE) at /{http://www.ooredoo.dz/ws/contract}setContractAndServicesRequest[1]/part1[1]/set:setContractAndServices[1]/SUBSCRIPTOR[1]/IdClient[1]
com.tibco.xml.validation.exception.ValueParseException: data &quot;xxx&quot; is not a valid long.  A valid example is &quot;-1, 0, 12678967543233, +100000&quot;.
	</faultstring><faultactor/><detail><ns:Error xmlns:ns="http://www.ooredoo.dz/common/wsexception/v1" xmlns:ns0="http://schemas.xmlsoap.org/soap/envelope/" xmlns:xs="http://www.w3.org/2001/XMLSchema" xmlns:xsi="http://www.w3.org/2001/XMLSchema-instance"><ns:Detail><ns:ExceptionDetails><ns:Exception><ns:key>DetailException</ns:key><ns:value> org.xml.sax.SAXException: validation error: data &quot;xxx&quot; is not a valid long.  A valid example is &quot;-1, 0, 12678967543233, +100000&quot;.   ({com.tibco.xml.validation}SIMPLE_E_INVALID_VALUE_FOR_TYPE) at /{http://www.ooredoo.dz/ws/contract}setContractAndServicesRequest[1]/part1[1]/set:setContractAndServices[1]/SUBSCRIPTOR[1]/IdClient[1]
com.tibco.xml.validation.exception.ValueParseException: data &quot;xxx&quot; is not a valid long.  A valid example is &quot;-1, 0, 12678967543233, +100000&quot;.
	</ns:value></ns:Exception></ns:ExceptionDetails></ns:Detail></ns:Error></detail></SOAP-ENV:Fault></SOAP-ENV:Body></SOAP-ENV:Envelope>
[2026-03-29T13:03:00.616Z] --- Processing Line 2 of 49 ---
[2026-03-29T13:03:00.642Z] ❌ Line 2 FAILED: Request failed with status code 500
[2026-03-29T13:03:00.645Z]    DEBUG: WS Response Content: <SOAP-ENV:Envelope xmlns:SOAP-ENV="http://schemas.xmlsoap.org/soap/envelope/"><SOAP-ENV:Header/><SOAP-ENV:Body><SOAP-ENV:Fault><faultcode>InvalidInputDataException</faultcode><faultstring> org.xml.sax.SAXException: validation error: data &quot;xxx&quot; is not a valid long.  A valid example is &quot;-1, 0, 12678967543233, +100000&quot;.   ({com.tibco.xml.validation}SIMPLE_E_INVALID_VALUE_FOR_TYPE) at /{http://www.ooredoo.dz/ws/contract}setContractAndServicesRequest[1]/part1[1]/set:setContractAndServices[1]/SUBSCRIPTOR[1]/IdClient[1]
com.tibco.xml.validation.exception.ValueParseException: data &quot;xxx&quot; is not a valid long.  A valid example is &quot;-1, 0, 12678967543233, +100000&quot;.
	</faultstring><faultactor/><detail><ns:Error xmlns:ns="http://www.ooredoo.dz/common/wsexception/v1" xmlns:ns0="http://schemas.xmlsoap.org/soap/envelope/" xmlns:xs="http://www.w3.org/2001/XMLSchema" xmlns:xsi="http://www.w3.org/2001/XMLSchema-instance"><ns:Detail><ns:ExceptionDetails><ns:Exception><ns:key>DetailException</ns:key><ns:value> org.xml.sax.SAXException: validation error: data &quot;xxx&quot; is not a valid long.  A valid example is &quot;-1, 0, 12678967543233, +100000&quot;.   ({com.tibco.xml.validation}SIMPLE_E_INVALID_VALUE_FOR_TYPE) at /{http://www.ooredoo.dz/ws/contract}setContractAndServicesRequest[1]/part1[1]/set:setContractAndServices[1]/SUBSCRIPTOR[1]/IdClient[1]
com.tibco.xml.validation.exception.ValueParseException: data &quot;xxx&quot; is not a valid long.  A valid example is &quot;-1, 0, 12678967543233, +100000&quot;.
	</ns:value></ns:Exception></ns:ExceptionDetails></ns:Detail></ns:Error></detail></SOAP-ENV:Fault></SOAP-ENV:Body></SOAP-ENV:Envelope>
[2026-03-29T13:03:01.161Z] --- Processing Line 3 of 49 ---
[2026-03-29T13:03:01.188Z] ❌ Line 3 FAILED: Request failed with status code 500
[2026-03-29T13:03:01.190Z]    DEBUG: WS Response Content: <SOAP-ENV:Envelope xmlns:SOAP-ENV="http://schemas.xmlsoap.org/soap/envelope/"><SOAP-ENV:Header/><SOAP-ENV:Body><SOAP-ENV:Fault><faultcode>InvalidInputDataException</faultcode><faultstring> org.xml.sax.SAXException: validation error: data &quot;xxx&quot; is not a valid long.  A valid example is &quot;-1, 0, 12678967543233, +100000&quot;.   ({com.tibco.xml.validation}SIMPLE_E_INVALID_VALUE_FOR_TYPE) at /{http://www.ooredoo.dz/ws/contract}setContractAndServicesRequest[1]/part1[1]/set:setContractAndServices[1]/SUBSCRIPTOR[1]/IdClient[1]
com.tibco.xml.validation.exception.ValueParseException: data &quot;xxx&quot; is not a valid long.  A valid example is &quot;-1, 0, 12678967543233, +100000&quot;.
	</faultstring><faultactor/><detail><ns:Error xmlns:ns="http://www.ooredoo.dz/common/wsexception/v1" xmlns:ns0="http://schemas.xmlsoap.org/soap/envelope/" xmlns:xs="http://www.w3.org/2001/XMLSchema" xmlns:xsi="http://www.w3.org/2001/XMLSchema-instance"><ns:Detail><ns:ExceptionDetails><ns:Exception><ns:key>DetailException</ns:key><ns:value> org.xml.sax.SAXException: validation error: data &quot;xxx&quot; is not a valid long.  A valid example is &quot;-1, 0, 12678967543233, +100000&quot;.   ({com.tibco.xml.validation}SIMPLE_E_INVALID_VALUE_FOR_TYPE) at /{http://www.ooredoo.dz/ws/contract}setContractAndServicesRequest[1]/part1[1]/set:setContractAndServices[1]/SUBSCRIPTOR[1]/IdClient[1]
com.tibco.xml.validation.exception.ValueParseException: data &quot;xxx&quot; is not a valid long.  A valid example is &quot;-1, 0, 12678967543233, +100000&quot;.
	</ns:value></ns:Exception></ns:ExceptionDetails></ns:Detail></ns:Error></detail></SOAP-ENV:Fault></SOAP-ENV:Body></SOAP-ENV:Envelope>
[2026-03-29T13:03:01.704Z] --- Processing Line 4 of 49 ---
[2026-03-29T13:03:01.732Z] ❌ Line 4 FAILED: Request failed with status code 500
[2026-03-29T13:03:01.735Z]    DEBUG: WS Response Content: <SOAP-ENV:Envelope xmlns:SOAP-ENV="http://schemas.xmlsoap.org/soap/envelope/"><SOAP-ENV:Header/><SOAP-ENV:Body><SOAP-ENV:Fault><faultcode>InvalidInputDataException</faultcode><faultstring> org.xml.sax.SAXException: validation error: data &quot;xxx&quot; is not a valid long.  A valid example is &quot;-1, 0, 12678967543233, +100000&quot;.   ({com.tibco.xml.validation}SIMPLE_E_INVALID_VALUE_FOR_TYPE) at /{http://www.ooredoo.dz/ws/contract}setContractAndServicesRequest[1]/part1[1]/set:setContractAndServices[1]/SUBSCRIPTOR[1]/IdClient[1]
com.tibco.xml.validation.exception.ValueParseException: data &quot;xxx&quot; is not a valid long.  A valid example is &quot;-1, 0, 12678967543233, +100000&quot;.
	</faultstring><faultactor/><detail><ns:Error xmlns:ns="http://www.ooredoo.dz/common/wsexception/v1" xmlns:ns0="http://schemas.xmlsoap.org/soap/envelope/" xmlns:xs="http://www.w3.org/2001/XMLSchema" xmlns:xsi="http://www.w3.org/2001/XMLSchema-instance"><ns:Detail><ns:ExceptionDetails><ns:Exception><ns:key>DetailException</ns:key><ns:value> org.xml.sax.SAXException: validation error: data &quot;xxx&quot; is not a valid long.  A valid example is &quot;-1, 0, 12678967543233, +100000&quot;.   ({com.tibco.xml.validation}SIMPLE_E_INVALID_VALUE_FOR_TYPE) at /{http://www.ooredoo.dz/ws/contract}setContractAndServicesRequest[1]/part1[1]/set:setContractAndServices[1]/SUBSCRIPTOR[1]/IdClient[1]
com.tibco.xml.validation.exception.ValueParseException: data &quot;xxx&quot; is not a valid long.  A valid example is &quot;-1, 0, 12678967543233, +100000&quot;.
	</ns:value></ns:Exception></ns:ExceptionDetails></ns:Detail></ns:Error></detail></SOAP-ENV:Fault></SOAP-ENV:Body></SOAP-ENV:Envelope>
[2026-03-29T13:03:02.249Z] --- Processing Line 5 of 49 ---
[2026-03-29T13:03:02.275Z] ❌ Line 5 FAILED: Request failed with status code 500
[2026-03-29T13:03:02.278Z]    DEBUG: WS Response Content: <SOAP-ENV:Envelope xmlns:SOAP-ENV="http://schemas.xmlsoap.org/soap/envelope/"><SOAP-ENV:Header/><SOAP-ENV:Body><SOAP-ENV:Fault><faultcode>InvalidInputDataException</faultcode><faultstring> org.xml.sax.SAXException: validation error: data &quot;xxx&quot; is not a valid long.  A valid example is &quot;-1, 0, 12678967543233, +100000&quot;.   ({com.tibco.xml.validation}SIMPLE_E_INVALID_VALUE_FOR_TYPE) at /{http://www.ooredoo.dz/ws/contract}setContractAndServicesRequest[1]/part1[1]/set:setContractAndServices[1]/SUBSCRIPTOR[1]/IdClient[1]
com.tibco.xml.validation.exception.ValueParseException: data &quot;xxx&quot; is not a valid long.  A valid example is &quot;-1, 0, 12678967543233, +100000&quot;.
	</faultstring><faultactor/><detail><ns:Error xmlns:ns="http://www.ooredoo.dz/common/wsexception/v1" xmlns:ns0="http://schemas.xmlsoap.org/soap/envelope/" xmlns:xs="http://www.w3.org/2001/XMLSchema" xmlns:xsi="http://www.w3.org/2001/XMLSchema-instance"><ns:Detail><ns:ExceptionDetails><ns:Exception><ns:key>DetailException</ns:key><ns:value> org.xml.sax.SAXException: validation error: data &quot;xxx&quot; is not a valid long.  A valid example is &quot;-1, 0, 12678967543233, +100000&quot;.   ({com.tibco.xml.validation}SIMPLE_E_INVALID_VALUE_FOR_TYPE) at /{http://www.ooredoo.dz/ws/contract}setContractAndServicesRequest[1]/part1[1]/set:setContractAndServices[1]/SUBSCRIPTOR[1]/IdClient[1]
com.tibco.xml.validation.exception.ValueParseException: data &quot;xxx&quot; is not a valid long.  A valid example is &quot;-1, 0, 12678967543233, +100000&quot;.
	</ns:value></ns:Exception></ns:ExceptionDetails></ns:Detail></ns:Error></detail></SOAP-ENV:Fault></SOAP-ENV:Body></SOAP-ENV:Envelope>
[2026-03-29T13:03:02.794Z] --- Processing Line 6 of 49 ---
[2026-03-29T13:03:02.820Z] ❌ Line 6 FAILED: Request failed with status code 500
[2026-03-29T13:03:02.822Z]    DEBUG: WS Response Content: <SOAP-ENV:Envelope xmlns:SOAP-ENV="http://schemas.xmlsoap.org/soap/envelope/"><SOAP-ENV:Header/><SOAP-ENV:Body><SOAP-ENV:Fault><faultcode>InvalidInputDataException</faultcode><faultstring> org.xml.sax.SAXException: validation error: data &quot;xxx&quot; is not a valid long.  A valid example is &quot;-1, 0, 12678967543233, +100000&quot;.   ({com.tibco.xml.validation}SIMPLE_E_INVALID_VALUE_FOR_TYPE) at /{http://www.ooredoo.dz/ws/contract}setContractAndServicesRequest[1]/part1[1]/set:setContractAndServices[1]/SUBSCRIPTOR[1]/IdClient[1]
com.tibco.xml.validation.exception.ValueParseException: data &quot;xxx&quot; is not a valid long.  A valid example is &quot;-1, 0, 12678967543233, +100000&quot;.
	</faultstring><faultactor/><detail><ns:Error xmlns:ns="http://www.ooredoo.dz/common/wsexception/v1" xmlns:ns0="http://schemas.xmlsoap.org/soap/envelope/" xmlns:xs="http://www.w3.org/2001/XMLSchema" xmlns:xsi="http://www.w3.org/2001/XMLSchema-instance"><ns:Detail><ns:ExceptionDetails><ns:Exception><ns:key>DetailException</ns:key><ns:value> org.xml.sax.SAXException: validation error: data &quot;xxx&quot; is not a valid long.  A valid example is &quot;-1, 0, 12678967543233, +100000&quot;.   ({com.tibco.xml.validation}SIMPLE_E_INVALID_VALUE_FOR_TYPE) at /{http://www.ooredoo.dz/ws/contract}setContractAndServicesRequest[1]/part1[1]/set:setContractAndServices[1]/SUBSCRIPTOR[1]/IdClient[1]
com.tibco.xml.validation.exception.ValueParseException: data &quot;xxx&quot; is not a valid long.  A valid example is &quot;-1, 0, 12678967543233, +100000&quot;.
	</ns:value></ns:Exception></ns:ExceptionDetails></ns:Detail></ns:Error></detail></SOAP-ENV:Fault></SOAP-ENV:Body></SOAP-ENV:Envelope>
[2026-03-29T13:03:03.344Z] --- Processing Line 7 of 49 ---
[2026-03-29T13:03:03.370Z] ❌ Line 7 FAILED: Request failed with status code 500
[2026-03-29T13:03:03.372Z]    DEBUG: WS Response Content: <SOAP-ENV:Envelope xmlns:SOAP-ENV="http://schemas.xmlsoap.org/soap/envelope/"><SOAP-ENV:Header/><SOAP-ENV:Body><SOAP-ENV:Fault><faultcode>InvalidInputDataException</faultcode><faultstring> org.xml.sax.SAXException: validation error: data &quot;xxx&quot; is not a valid long.  A valid example is &quot;-1, 0, 12678967543233, +100000&quot;.   ({com.tibco.xml.validation}SIMPLE_E_INVALID_VALUE_FOR_TYPE) at /{http://www.ooredoo.dz/ws/contract}setContractAndServicesRequest[1]/part1[1]/set:setContractAndServices[1]/SUBSCRIPTOR[1]/IdClient[1]
com.tibco.xml.validation.exception.ValueParseException: data &quot;xxx&quot; is not a valid long.  A valid example is &quot;-1, 0, 12678967543233, +100000&quot;.
	</faultstring><faultactor/><detail><ns:Error xmlns:ns="http://www.ooredoo.dz/common/wsexception/v1" xmlns:ns0="http://schemas.xmlsoap.org/soap/envelope/" xmlns:xs="http://www.w3.org/2001/XMLSchema" xmlns:xsi="http://www.w3.org/2001/XMLSchema-instance"><ns:Detail><ns:ExceptionDetails><ns:Exception><ns:key>DetailException</ns:key><ns:value> org.xml.sax.SAXException: validation error: data &quot;xxx&quot; is not a valid long.  A valid example is &quot;-1, 0, 12678967543233, +100000&quot;.   ({com.tibco.xml.validation}SIMPLE_E_INVALID_VALUE_FOR_TYPE) at /{http://www.ooredoo.dz/ws/contract}setContractAndServicesRequest[1]/part1[1]/set:setContractAndServices[1]/SUBSCRIPTOR[1]/IdClient[1]
com.tibco.xml.validation.exception.ValueParseException: data &quot;xxx&quot; is not a valid long.  A valid example is &quot;-1, 0, 12678967543233, +100000&quot;.
	</ns:value></ns:Exception></ns:ExceptionDetails></ns:Detail></ns:Error></detail></SOAP-ENV:Fault></SOAP-ENV:Body></SOAP-ENV:Envelope>
[2026-03-29T13:03:03.888Z] --- Processing Line 8 of 49 ---
[2026-03-29T13:03:03.915Z] ❌ Line 8 FAILED: Request failed with status code 500
[2026-03-29T13:03:03.918Z]    DEBUG: WS Response Content: <SOAP-ENV:Envelope xmlns:SOAP-ENV="http://schemas.xmlsoap.org/soap/envelope/"><SOAP-ENV:Header/><SOAP-ENV:Body><SOAP-ENV:Fault><faultcode>InvalidInputDataException</faultcode><faultstring> org.xml.sax.SAXException: validation error: data &quot;xxx&quot; is not a valid long.  A valid example is &quot;-1, 0, 12678967543233, +100000&quot;.   ({com.tibco.xml.validation}SIMPLE_E_INVALID_VALUE_FOR_TYPE) at /{http://www.ooredoo.dz/ws/contract}setContractAndServicesRequest[1]/part1[1]/set:setContractAndServices[1]/SUBSCRIPTOR[1]/IdClient[1]
com.tibco.xml.validation.exception.ValueParseException: data &quot;xxx&quot; is not a valid long.  A valid example is &quot;-1, 0, 12678967543233, +100000&quot;.
	</faultstring><faultactor/><detail><ns:Error xmlns:ns="http://www.ooredoo.dz/common/wsexception/v1" xmlns:ns0="http://schemas.xmlsoap.org/soap/envelope/" xmlns:xs="http://www.w3.org/2001/XMLSchema" xmlns:xsi="http://www.w3.org/2001/XMLSchema-instance"><ns:Detail><ns:ExceptionDetails><ns:Exception><ns:key>DetailException</ns:key><ns:value> org.xml.sax.SAXException: validation error: data &quot;xxx&quot; is not a valid long.  A valid example is &quot;-1, 0, 12678967543233, +100000&quot;.   ({com.tibco.xml.validation}SIMPLE_E_INVALID_VALUE_FOR_TYPE) at /{http://www.ooredoo.dz/ws/contract}setContractAndServicesRequest[1]/part1[1]/set:setContractAndServices[1]/SUBSCRIPTOR[1]/IdClient[1]
com.tibco.xml.validation.exception.ValueParseException: data &quot;xxx&quot; is not a valid long.  A valid example is &quot;-1, 0, 12678967543233, +100000&quot;.
	</ns:value></ns:Exception></ns:ExceptionDetails></ns:Detail></ns:Error></detail></SOAP-ENV:Fault></SOAP-ENV:Body></SOAP-ENV:Envelope>
[2026-03-29T13:03:04.433Z] --- Processing Line 9 of 49 ---
[2026-03-29T13:03:04.481Z] ❌ Line 9 FAILED: Request failed with status code 500
[2026-03-29T13:03:04.484Z]    DEBUG: WS Response Content: <SOAP-ENV:Envelope xmlns:SOAP-ENV="http://schemas.xmlsoap.org/soap/envelope/"><SOAP-ENV:Header/><SOAP-ENV:Body><SOAP-ENV:Fault><faultcode>InvalidInputDataException</faultcode><faultstring> org.xml.sax.SAXException: validation error: data &quot;xxx&quot; is not a valid long.  A valid example is &quot;-1, 0, 12678967543233, +100000&quot;.   ({com.tibco.xml.validation}SIMPLE_E_INVALID_VALUE_FOR_TYPE) at /{http://www.ooredoo.dz/ws/contract}setContractAndServicesRequest[1]/part1[1]/set:setContractAndServices[1]/SUBSCRIPTOR[1]/IdClient[1]
com.tibco.xml.validation.exception.ValueParseException: data &quot;xxx&quot; is not a valid long.  A valid example is &quot;-1, 0, 12678967543233, +100000&quot;.
	</faultstring><faultactor/><detail><ns:Error xmlns:ns="http://www.ooredoo.dz/common/wsexception/v1" xmlns:ns0="http://schemas.xmlsoap.org/soap/envelope/" xmlns:xs="http://www.w3.org/2001/XMLSchema" xmlns:xsi="http://www.w3.org/2001/XMLSchema-instance"><ns:Detail><ns:ExceptionDetails><ns:Exception><ns:key>DetailException</ns:key><ns:value> org.xml.sax.SAXException: validation error: data &quot;xxx&quot; is not a valid long.  A valid example is &quot;-1, 0, 12678967543233, +100000&quot;.   ({com.tibco.xml.validation}SIMPLE_E_INVALID_VALUE_FOR_TYPE) at /{http://www.ooredoo.dz/ws/contract}setContractAndServicesRequest[1]/part1[1]/set:setContractAndServices[1]/SUBSCRIPTOR[1]/IdClient[1]
com.tibco.xml.validation.exception.ValueParseException: data &quot;xxx&quot; is not a valid long.  A valid example is &quot;-1, 0, 12678967543233, +100000&quot;.
	</ns:value></ns:Exception></ns:ExceptionDetails></ns:Detail></ns:Error></detail></SOAP-ENV:Fault></SOAP-ENV:Body></SOAP-ENV:Envelope>
[2026-03-29T13:03:04.990Z] --- Processing Line 10 of 49 ---
[2026-03-29T13:03:05.015Z] ❌ Line 10 FAILED: Request failed with status code 500
[2026-03-29T13:03:05.018Z]    DEBUG: WS Response Content: <SOAP-ENV:Envelope xmlns:SOAP-ENV="http://schemas.xmlsoap.org/soap/envelope/"><SOAP-ENV:Header/><SOAP-ENV:Body><SOAP-ENV:Fault><faultcode>InvalidInputDataException</faultcode><faultstring> org.xml.sax.SAXException: validation error: data &quot;xxx&quot; is not a valid long.  A valid example is &quot;-1, 0, 12678967543233, +100000&quot;.   ({com.tibco.xml.validation}SIMPLE_E_INVALID_VALUE_FOR_TYPE) at /{http://www.ooredoo.dz/ws/contract}setContractAndServicesRequest[1]/part1[1]/set:setContractAndServices[1]/SUBSCRIPTOR[1]/IdClient[1]
com.tibco.xml.validation.exception.ValueParseException: data &quot;xxx&quot; is not a valid long.  A valid example is &quot;-1, 0, 12678967543233, +100000&quot;.
	</faultstring><faultactor/><detail><ns:Error xmlns:ns="http://www.ooredoo.dz/common/wsexception/v1" xmlns:ns0="http://schemas.xmlsoap.org/soap/envelope/" xmlns:xs="http://www.w3.org/2001/XMLSchema" xmlns:xsi="http://www.w3.org/2001/XMLSchema-instance"><ns:Detail><ns:ExceptionDetails><ns:Exception><ns:key>DetailException</ns:key><ns:value> org.xml.sax.SAXException: validation error: data &quot;xxx&quot; is not a valid long.  A valid example is &quot;-1, 0, 12678967543233, +100000&quot;.   ({com.tibco.xml.validation}SIMPLE_E_INVALID_VALUE_FOR_TYPE) at /{http://www.ooredoo.dz/ws/contract}setContractAndServicesRequest[1]/part1[1]/set:setContractAndServices[1]/SUBSCRIPTOR[1]/IdClient[1]
com.tibco.xml.validation.exception.ValueParseException: data &quot;xxx&quot; is not a valid long.  A valid example is &quot;-1, 0, 12678967543233, +100000&quot;.
	</ns:value></ns:Exception></ns:ExceptionDetails></ns:Detail></ns:Error></detail></SOAP-ENV:Fault></SOAP-ENV:Body></SOAP-ENV:Envelope>
[2026-03-29T13:03:05.538Z] --- Processing Line 11 of 49 ---
[2026-03-29T13:03:05.564Z] ❌ Line 11 FAILED: Request failed with status code 500
[2026-03-29T13:03:05.566Z]    DEBUG: WS Response Content: <SOAP-ENV:Envelope xmlns:SOAP-ENV="http://schemas.xmlsoap.org/soap/envelope/"><SOAP-ENV:Header/><SOAP-ENV:Body><SOAP-ENV:Fault><faultcode>InvalidInputDataException</faultcode><faultstring> org.xml.sax.SAXException: validation error: data &quot;xxx&quot; is not a valid long.  A valid example is &quot;-1, 0, 12678967543233, +100000&quot;.   ({com.tibco.xml.validation}SIMPLE_E_INVALID_VALUE_FOR_TYPE) at /{http://www.ooredoo.dz/ws/contract}setContractAndServicesRequest[1]/part1[1]/set:setContractAndServices[1]/SUBSCRIPTOR[1]/IdClient[1]
com.tibco.xml.validation.exception.ValueParseException: data &quot;xxx&quot; is not a valid long.  A valid example is &quot;-1, 0, 12678967543233, +100000&quot;.
	</faultstring><faultactor/><detail><ns:Error xmlns:ns="http://www.ooredoo.dz/common/wsexception/v1" xmlns:ns0="http://schemas.xmlsoap.org/soap/envelope/" xmlns:xs="http://www.w3.org/2001/XMLSchema" xmlns:xsi="http://www.w3.org/2001/XMLSchema-instance"><ns:Detail><ns:ExceptionDetails><ns:Exception><ns:key>DetailException</ns:key><ns:value> org.xml.sax.SAXException: validation error: data &quot;xxx&quot; is not a valid long.  A valid example is &quot;-1, 0, 12678967543233, +100000&quot;.   ({com.tibco.xml.validation}SIMPLE_E_INVALID_VALUE_FOR_TYPE) at /{http://www.ooredoo.dz/ws/contract}setContractAndServicesRequest[1]/part1[1]/set:setContractAndServices[1]/SUBSCRIPTOR[1]/IdClient[1]
com.tibco.xml.validation.exception.ValueParseException: data &quot;xxx&quot; is not a valid long.  A valid example is &quot;-1, 0, 12678967543233, +100000&quot;.
	</ns:value></ns:Exception></ns:ExceptionDetails></ns:Detail></ns:Error></detail></SOAP-ENV:Fault></SOAP-ENV:Body></SOAP-ENV:Envelope>
[2026-03-29T13:03:06.081Z] --- Processing Line 12 of 49 ---
[2026-03-29T13:03:06.105Z] ❌ Line 12 FAILED: Request failed with status code 500
[2026-03-29T13:03:06.108Z]    DEBUG: WS Response Content: <SOAP-ENV:Envelope xmlns:SOAP-ENV="http://schemas.xmlsoap.org/soap/envelope/"><SOAP-ENV:Header/><SOAP-ENV:Body><SOAP-ENV:Fault><faultcode>InvalidInputDataException</faultcode><faultstring> org.xml.sax.SAXException: validation error: data &quot;xxx&quot; is not a valid long.  A valid example is &quot;-1, 0, 12678967543233, +100000&quot;.   ({com.tibco.xml.validation}SIMPLE_E_INVALID_VALUE_FOR_TYPE) at /{http://www.ooredoo.dz/ws/contract}setContractAndServicesRequest[1]/part1[1]/set:setContractAndServices[1]/SUBSCRIPTOR[1]/IdClient[1]
com.tibco.xml.validation.exception.ValueParseException: data &quot;xxx&quot; is not a valid long.  A valid example is &quot;-1, 0, 12678967543233, +100000&quot;.
	</faultstring><faultactor/><detail><ns:Error xmlns:ns="http://www.ooredoo.dz/common/wsexception/v1" xmlns:ns0="http://schemas.xmlsoap.org/soap/envelope/" xmlns:xs="http://www.w3.org/2001/XMLSchema" xmlns:xsi="http://www.w3.org/2001/XMLSchema-instance"><ns:Detail><ns:ExceptionDetails><ns:Exception><ns:key>DetailException</ns:key><ns:value> org.xml.sax.SAXException: validation error: data &quot;xxx&quot; is not a valid long.  A valid example is &quot;-1, 0, 12678967543233, +100000&quot;.   ({com.tibco.xml.validation}SIMPLE_E_INVALID_VALUE_FOR_TYPE) at /{http://www.ooredoo.dz/ws/contract}setContractAndServicesRequest[1]/part1[1]/set:setContractAndServices[1]/SUBSCRIPTOR[1]/IdClient[1]
com.tibco.xml.validation.exception.ValueParseException: data &quot;xxx&quot; is not a valid long.  A valid example is &quot;-1, 0, 12678967543233, +100000&quot;.
	</ns:value></ns:Exception></ns:ExceptionDetails></ns:Detail></ns:Error></detail></SOAP-ENV:Fault></SOAP-ENV:Body></SOAP-ENV:Envelope>
[2026-03-29T13:03:06.627Z] --- Processing Line 13 of 49 ---
[2026-03-29T13:03:06.653Z] ❌ Line 13 FAILED: Request failed with status code 500
[2026-03-29T13:03:06.656Z]    DEBUG: WS Response Content: <SOAP-ENV:Envelope xmlns:SOAP-ENV="http://schemas.xmlsoap.org/soap/envelope/"><SOAP-ENV:Header/><SOAP-ENV:Body><SOAP-ENV:Fault><faultcode>InvalidInputDataException</faultcode><faultstring> org.xml.sax.SAXException: validation error: data &quot;xxx&quot; is not a valid long.  A valid example is &quot;-1, 0, 12678967543233, +100000&quot;.   ({com.tibco.xml.validation}SIMPLE_E_INVALID_VALUE_FOR_TYPE) at /{http://www.ooredoo.dz/ws/contract}setContractAndServicesRequest[1]/part1[1]/set:setContractAndServices[1]/SUBSCRIPTOR[1]/IdClient[1]
com.tibco.xml.validation.exception.ValueParseException: data &quot;xxx&quot; is not a valid long.  A valid example is &quot;-1, 0, 12678967543233, +100000&quot;.
	</faultstring><faultactor/><detail><ns:Error xmlns:ns="http://www.ooredoo.dz/common/wsexception/v1" xmlns:ns0="http://schemas.xmlsoap.org/soap/envelope/" xmlns:xs="http://www.w3.org/2001/XMLSchema" xmlns:xsi="http://www.w3.org/2001/XMLSchema-instance"><ns:Detail><ns:ExceptionDetails><ns:Exception><ns:key>DetailException</ns:key><ns:value> org.xml.sax.SAXException: validation error: data &quot;xxx&quot; is not a valid long.  A valid example is &quot;-1, 0, 12678967543233, +100000&quot;.   ({com.tibco.xml.validation}SIMPLE_E_INVALID_VALUE_FOR_TYPE) at /{http://www.ooredoo.dz/ws/contract}setContractAndServicesRequest[1]/part1[1]/set:setContractAndServices[1]/SUBSCRIPTOR[1]/IdClient[1]
com.tibco.xml.validation.exception.ValueParseException: data &quot;xxx&quot; is not a valid long.  A valid example is &quot;-1, 0, 12678967543233, +100000&quot;.
	</ns:value></ns:Exception></ns:ExceptionDetails></ns:Detail></ns:Error></detail></SOAP-ENV:Fault></SOAP-ENV:Body></SOAP-ENV:Envelope>
[2026-03-29T13:03:07.174Z] --- Processing Line 14 of 49 ---
[2026-03-29T13:03:07.201Z] ❌ Line 14 FAILED: Request failed with status code 500
[2026-03-29T13:03:07.203Z]    DEBUG: WS Response Content: <SOAP-ENV:Envelope xmlns:SOAP-ENV="http://schemas.xmlsoap.org/soap/envelope/"><SOAP-ENV:Header/><SOAP-ENV:Body><SOAP-ENV:Fault><faultcode>InvalidInputDataException</faultcode><faultstring> org.xml.sax.SAXException: validation error: data &quot;xxx&quot; is not a valid long.  A valid example is &quot;-1, 0, 12678967543233, +100000&quot;.   ({com.tibco.xml.validation}SIMPLE_E_INVALID_VALUE_FOR_TYPE) at /{http://www.ooredoo.dz/ws/contract}setContractAndServicesRequest[1]/part1[1]/set:setContractAndServices[1]/SUBSCRIPTOR[1]/IdClient[1]
com.tibco.xml.validation.exception.ValueParseException: data &quot;xxx&quot; is not a valid long.  A valid example is &quot;-1, 0, 12678967543233, +100000&quot;.
	</faultstring><faultactor/><detail><ns:Error xmlns:ns="http://www.ooredoo.dz/common/wsexception/v1" xmlns:ns0="http://schemas.xmlsoap.org/soap/envelope/" xmlns:xs="http://www.w3.org/2001/XMLSchema" xmlns:xsi="http://www.w3.org/2001/XMLSchema-instance"><ns:Detail><ns:ExceptionDetails><ns:Exception><ns:key>DetailException</ns:key><ns:value> org.xml.sax.SAXException: validation error: data &quot;xxx&quot; is not a valid long.  A valid example is &quot;-1, 0, 12678967543233, +100000&quot;.   ({com.tibco.xml.validation}SIMPLE_E_INVALID_VALUE_FOR_TYPE) at /{http://www.ooredoo.dz/ws/contract}setContractAndServicesRequest[1]/part1[1]/set:setContractAndServices[1]/SUBSCRIPTOR[1]/IdClient[1]
com.tibco.xml.validation.exception.ValueParseException: data &quot;xxx&quot; is not a valid long.  A valid example is &quot;-1, 0, 12678967543233, +100000&quot;.
	</ns:value></ns:Exception></ns:ExceptionDetails></ns:Detail></ns:Error></detail></SOAP-ENV:Fault></SOAP-ENV:Body></SOAP-ENV:Envelope>
[2026-03-29T13:03:07.716Z] --- Processing Line 15 of 49 ---
[2026-03-29T13:03:07.745Z] ❌ Line 15 FAILED: Request failed with status code 500
[2026-03-29T13:03:07.749Z]    DEBUG: WS Response Content: <SOAP-ENV:Envelope xmlns:SOAP-ENV="http://schemas.xmlsoap.org/soap/envelope/"><SOAP-ENV:Header/><SOAP-ENV:Body><SOAP-ENV:Fault><faultcode>InvalidInputDataException</faultcode><faultstring> org.xml.sax.SAXException: validation error: data &quot;xxx&quot; is not a valid long.  A valid example is &quot;-1, 0, 12678967543233, +100000&quot;.   ({com.tibco.xml.validation}SIMPLE_E_INVALID_VALUE_FOR_TYPE) at /{http://www.ooredoo.dz/ws/contract}setContractAndServicesRequest[1]/part1[1]/set:setContractAndServices[1]/SUBSCRIPTOR[1]/IdClient[1]
com.tibco.xml.validation.exception.ValueParseException: data &quot;xxx&quot; is not a valid long.  A valid example is &quot;-1, 0, 12678967543233, +100000&quot;.
	</faultstring><faultactor/><detail><ns:Error xmlns:ns="http://www.ooredoo.dz/common/wsexception/v1" xmlns:ns0="http://schemas.xmlsoap.org/soap/envelope/" xmlns:xs="http://www.w3.org/2001/XMLSchema" xmlns:xsi="http://www.w3.org/2001/XMLSchema-instance"><ns:Detail><ns:ExceptionDetails><ns:Exception><ns:key>DetailException</ns:key><ns:value> org.xml.sax.SAXException: validation error: data &quot;xxx&quot; is not a valid long.  A valid example is &quot;-1, 0, 12678967543233, +100000&quot;.   ({com.tibco.xml.validation}SIMPLE_E_INVALID_VALUE_FOR_TYPE) at /{http://www.ooredoo.dz/ws/contract}setContractAndServicesRequest[1]/part1[1]/set:setContractAndServices[1]/SUBSCRIPTOR[1]/IdClient[1]
com.tibco.xml.validation.exception.ValueParseException: data &quot;xxx&quot; is not a valid long.  A valid example is &quot;-1, 0, 12678967543233, +100000&quot;.
	</ns:value></ns:Exception></ns:ExceptionDetails></ns:Detail></ns:Error></detail></SOAP-ENV:Fault></SOAP-ENV:Body></SOAP-ENV:Envelope>
[2026-03-29T13:03:08.260Z] ⏸️  Batch SetContractAndServices_29032026_140127 PAUSED at line 16
[2026-03-29T13:04:06.697Z] ▶️  Batch SetContractAndServices_29032026_140127 RESUMED at line 16
[2026-03-29T13:04:06.702Z] --- Processing Line 16 of 49 ---
[2026-03-29T13:04:06.746Z] ❌ Line 16 FAILED: Request failed with status code 500
[2026-03-29T13:04:06.748Z]    DEBUG: WS Response Content: <SOAP-ENV:Envelope xmlns:SOAP-ENV="http://schemas.xmlsoap.org/soap/envelope/"><SOAP-ENV:Header/><SOAP-ENV:Body><SOAP-ENV:Fault><faultcode>InvalidInputDataException</faultcode><faultstring> org.xml.sax.SAXException: validation error: data &quot;xxx&quot; is not a valid long.  A valid example is &quot;-1, 0, 12678967543233, +100000&quot;.   ({com.tibco.xml.validation}SIMPLE_E_INVALID_VALUE_FOR_TYPE) at /{http://www.ooredoo.dz/ws/contract}setContractAndServicesRequest[1]/part1[1]/set:setContractAndServices[1]/SUBSCRIPTOR[1]/IdClient[1]
com.tibco.xml.validation.exception.ValueParseException: data &quot;xxx&quot; is not a valid long.  A valid example is &quot;-1, 0, 12678967543233, +100000&quot;.
	</faultstring><faultactor/><detail><ns:Error xmlns:ns="http://www.ooredoo.dz/common/wsexception/v1" xmlns:ns0="http://schemas.xmlsoap.org/soap/envelope/" xmlns:xs="http://www.w3.org/2001/XMLSchema" xmlns:xsi="http://www.w3.org/2001/XMLSchema-instance"><ns:Detail><ns:ExceptionDetails><ns:Exception><ns:key>DetailException</ns:key><ns:value> org.xml.sax.SAXException: validation error: data &quot;xxx&quot; is not a valid long.  A valid example is &quot;-1, 0, 12678967543233, +100000&quot;.   ({com.tibco.xml.validation}SIMPLE_E_INVALID_VALUE_FOR_TYPE) at /{http://www.ooredoo.dz/ws/contract}setContractAndServicesRequest[1]/part1[1]/set:setContractAndServices[1]/SUBSCRIPTOR[1]/IdClient[1]
com.tibco.xml.validation.exception.ValueParseException: data &quot;xxx&quot; is not a valid long.  A valid example is &quot;-1, 0, 12678967543233, +100000&quot;.
	</ns:value></ns:Exception></ns:ExceptionDetails></ns:Detail></ns:Error></detail></SOAP-ENV:Fault></SOAP-ENV:Body></SOAP-ENV:Envelope>
[2026-03-29T13:04:07.262Z] --- Processing Line 17 of 49 ---
[2026-03-29T13:04:07.290Z] ❌ Line 17 FAILED: Request failed with status code 500
[2026-03-29T13:04:07.292Z]    DEBUG: WS Response Content: <SOAP-ENV:Envelope xmlns:SOAP-ENV="http://schemas.xmlsoap.org/soap/envelope/"><SOAP-ENV:Header/><SOAP-ENV:Body><SOAP-ENV:Fault><faultcode>InvalidInputDataException</faultcode><faultstring> org.xml.sax.SAXException: validation error: data &quot;xxx&quot; is not a valid long.  A valid example is &quot;-1, 0, 12678967543233, +100000&quot;.   ({com.tibco.xml.validation}SIMPLE_E_INVALID_VALUE_FOR_TYPE) at /{http://www.ooredoo.dz/ws/contract}setContractAndServicesRequest[1]/part1[1]/set:setContractAndServices[1]/SUBSCRIPTOR[1]/IdClient[1]
com.tibco.xml.validation.exception.ValueParseException: data &quot;xxx&quot; is not a valid long.  A valid example is &quot;-1, 0, 12678967543233, +100000&quot;.
	</faultstring><faultactor/><detail><ns:Error xmlns:ns="http://www.ooredoo.dz/common/wsexception/v1" xmlns:ns0="http://schemas.xmlsoap.org/soap/envelope/" xmlns:xs="http://www.w3.org/2001/XMLSchema" xmlns:xsi="http://www.w3.org/2001/XMLSchema-instance"><ns:Detail><ns:ExceptionDetails><ns:Exception><ns:key>DetailException</ns:key><ns:value> org.xml.sax.SAXException: validation error: data &quot;xxx&quot; is not a valid long.  A valid example is &quot;-1, 0, 12678967543233, +100000&quot;.   ({com.tibco.xml.validation}SIMPLE_E_INVALID_VALUE_FOR_TYPE) at /{http://www.ooredoo.dz/ws/contract}setContractAndServicesRequest[1]/part1[1]/set:setContractAndServices[1]/SUBSCRIPTOR[1]/IdClient[1]
com.tibco.xml.validation.exception.ValueParseException: data &quot;xxx&quot; is not a valid long.  A valid example is &quot;-1, 0, 12678967543233, +100000&quot;.
	</ns:value></ns:Exception></ns:ExceptionDetails></ns:Detail></ns:Error></detail></SOAP-ENV:Fault></SOAP-ENV:Body></SOAP-ENV:Envelope>
[2026-03-29T13:04:07.805Z] --- Processing Line 18 of 49 ---
[2026-03-29T13:04:07.831Z] ❌ Line 18 FAILED: Request failed with status code 500
[2026-03-29T13:04:07.834Z]    DEBUG: WS Response Content: <SOAP-ENV:Envelope xmlns:SOAP-ENV="http://schemas.xmlsoap.org/soap/envelope/"><SOAP-ENV:Header/><SOAP-ENV:Body><SOAP-ENV:Fault><faultcode>InvalidInputDataException</faultcode><faultstring> org.xml.sax.SAXException: validation error: data &quot;xxx&quot; is not a valid long.  A valid example is &quot;-1, 0, 12678967543233, +100000&quot;.   ({com.tibco.xml.validation}SIMPLE_E_INVALID_VALUE_FOR_TYPE) at /{http://www.ooredoo.dz/ws/contract}setContractAndServicesRequest[1]/part1[1]/set:setContractAndServices[1]/SUBSCRIPTOR[1]/IdClient[1]
com.tibco.xml.validation.exception.ValueParseException: data &quot;xxx&quot; is not a valid long.  A valid example is &quot;-1, 0, 12678967543233, +100000&quot;.
	</faultstring><faultactor/><detail><ns:Error xmlns:ns="http://www.ooredoo.dz/common/wsexception/v1" xmlns:ns0="http://schemas.xmlsoap.org/soap/envelope/" xmlns:xs="http://www.w3.org/2001/XMLSchema" xmlns:xsi="http://www.w3.org/2001/XMLSchema-instance"><ns:Detail><ns:ExceptionDetails><ns:Exception><ns:key>DetailException</ns:key><ns:value> org.xml.sax.SAXException: validation error: data &quot;xxx&quot; is not a valid long.  A valid example is &quot;-1, 0, 12678967543233, +100000&quot;.   ({com.tibco.xml.validation}SIMPLE_E_INVALID_VALUE_FOR_TYPE) at /{http://www.ooredoo.dz/ws/contract}setContractAndServicesRequest[1]/part1[1]/set:setContractAndServices[1]/SUBSCRIPTOR[1]/IdClient[1]
com.tibco.xml.validation.exception.ValueParseException: data &quot;xxx&quot; is not a valid long.  A valid example is &quot;-1, 0, 12678967543233, +100000&quot;.
	</ns:value></ns:Exception></ns:ExceptionDetails></ns:Detail></ns:Error></detail></SOAP-ENV:Fault></SOAP-ENV:Body></SOAP-ENV:Envelope>
[2026-03-29T13:04:08.352Z] --- Processing Line 19 of 49 ---
[2026-03-29T13:04:08.378Z] ❌ Line 19 FAILED: Request failed with status code 500
[2026-03-29T13:04:08.380Z]    DEBUG: WS Response Content: <SOAP-ENV:Envelope xmlns:SOAP-ENV="http://schemas.xmlsoap.org/soap/envelope/"><SOAP-ENV:Header/><SOAP-ENV:Body><SOAP-ENV:Fault><faultcode>InvalidInputDataException</faultcode><faultstring> org.xml.sax.SAXException: validation error: data &quot;xxx&quot; is not a valid long.  A valid example is &quot;-1, 0, 12678967543233, +100000&quot;.   ({com.tibco.xml.validation}SIMPLE_E_INVALID_VALUE_FOR_TYPE) at /{http://www.ooredoo.dz/ws/contract}setContractAndServicesRequest[1]/part1[1]/set:setContractAndServices[1]/SUBSCRIPTOR[1]/IdClient[1]
com.tibco.xml.validation.exception.ValueParseException: data &quot;xxx&quot; is not a valid long.  A valid example is &quot;-1, 0, 12678967543233, +100000&quot;.
	</faultstring><faultactor/><detail><ns:Error xmlns:ns="http://www.ooredoo.dz/common/wsexception/v1" xmlns:ns0="http://schemas.xmlsoap.org/soap/envelope/" xmlns:xs="http://www.w3.org/2001/XMLSchema" xmlns:xsi="http://www.w3.org/2001/XMLSchema-instance"><ns:Detail><ns:ExceptionDetails><ns:Exception><ns:key>DetailException</ns:key><ns:value> org.xml.sax.SAXException: validation error: data &quot;xxx&quot; is not a valid long.  A valid example is &quot;-1, 0, 12678967543233, +100000&quot;.   ({com.tibco.xml.validation}SIMPLE_E_INVALID_VALUE_FOR_TYPE) at /{http://www.ooredoo.dz/ws/contract}setContractAndServicesRequest[1]/part1[1]/set:setContractAndServices[1]/SUBSCRIPTOR[1]/IdClient[1]
com.tibco.xml.validation.exception.ValueParseException: data &quot;xxx&quot; is not a valid long.  A valid example is &quot;-1, 0, 12678967543233, +100000&quot;.
	</ns:value></ns:Exception></ns:ExceptionDetails></ns:Detail></ns:Error></detail></SOAP-ENV:Fault></SOAP-ENV:Body></SOAP-ENV:Envelope>
[2026-03-29T13:04:08.886Z] --- Processing Line 20 of 49 ---
[2026-03-29T13:04:08.916Z] ❌ Line 20 FAILED: Request failed with status code 500
[2026-03-29T13:04:08.918Z]    DEBUG: WS Response Content: <SOAP-ENV:Envelope xmlns:SOAP-ENV="http://schemas.xmlsoap.org/soap/envelope/"><SOAP-ENV:Header/><SOAP-ENV:Body><SOAP-ENV:Fault><faultcode>InvalidInputDataException</faultcode><faultstring> org.xml.sax.SAXException: validation error: data &quot;xxx&quot; is not a valid long.  A valid example is &quot;-1, 0, 12678967543233, +100000&quot;.   ({com.tibco.xml.validation}SIMPLE_E_INVALID_VALUE_FOR_TYPE) at /{http://www.ooredoo.dz/ws/contract}setContractAndServicesRequest[1]/part1[1]/set:setContractAndServices[1]/SUBSCRIPTOR[1]/IdClient[1]
com.tibco.xml.validation.exception.ValueParseException: data &quot;xxx&quot; is not a valid long.  A valid example is &quot;-1, 0, 12678967543233, +100000&quot;.
	</faultstring><faultactor/><detail><ns:Error xmlns:ns="http://www.ooredoo.dz/common/wsexception/v1" xmlns:ns0="http://schemas.xmlsoap.org/soap/envelope/" xmlns:xs="http://www.w3.org/2001/XMLSchema" xmlns:xsi="http://www.w3.org/2001/XMLSchema-instance"><ns:Detail><ns:ExceptionDetails><ns:Exception><ns:key>DetailException</ns:key><ns:value> org.xml.sax.SAXException: validation error: data &quot;xxx&quot; is not a valid long.  A valid example is &quot;-1, 0, 12678967543233, +100000&quot;.   ({com.tibco.xml.validation}SIMPLE_E_INVALID_VALUE_FOR_TYPE) at /{http://www.ooredoo.dz/ws/contract}setContractAndServicesRequest[1]/part1[1]/set:setContractAndServices[1]/SUBSCRIPTOR[1]/IdClient[1]
com.tibco.xml.validation.exception.ValueParseException: data &quot;xxx&quot; is not a valid long.  A valid example is &quot;-1, 0, 12678967543233, +100000&quot;.
	</ns:value></ns:Exception></ns:ExceptionDetails></ns:Detail></ns:Error></detail></SOAP-ENV:Fault></SOAP-ENV:Body></SOAP-ENV:Envelope>
[2026-03-29T13:04:09.432Z] --- Processing Line 21 of 49 ---
[2026-03-29T13:04:09.461Z] ❌ Line 21 FAILED: Request failed with status code 500
[2026-03-29T13:04:09.463Z]    DEBUG: WS Response Content: <SOAP-ENV:Envelope xmlns:SOAP-ENV="http://schemas.xmlsoap.org/soap/envelope/"><SOAP-ENV:Header/><SOAP-ENV:Body><SOAP-ENV:Fault><faultcode>InvalidInputDataException</faultcode><faultstring> org.xml.sax.SAXException: validation error: data &quot;xxx&quot; is not a valid long.  A valid example is &quot;-1, 0, 12678967543233, +100000&quot;.   ({com.tibco.xml.validation}SIMPLE_E_INVALID_VALUE_FOR_TYPE) at /{http://www.ooredoo.dz/ws/contract}setContractAndServicesRequest[1]/part1[1]/set:setContractAndServices[1]/SUBSCRIPTOR[1]/IdClient[1]
com.tibco.xml.validation.exception.ValueParseException: data &quot;xxx&quot; is not a valid long.  A valid example is &quot;-1, 0, 12678967543233, +100000&quot;.
	</faultstring><faultactor/><detail><ns:Error xmlns:ns="http://www.ooredoo.dz/common/wsexception/v1" xmlns:ns0="http://schemas.xmlsoap.org/soap/envelope/" xmlns:xs="http://www.w3.org/2001/XMLSchema" xmlns:xsi="http://www.w3.org/2001/XMLSchema-instance"><ns:Detail><ns:ExceptionDetails><ns:Exception><ns:key>DetailException</ns:key><ns:value> org.xml.sax.SAXException: validation error: data &quot;xxx&quot; is not a valid long.  A valid example is &quot;-1, 0, 12678967543233, +100000&quot;.   ({com.tibco.xml.validation}SIMPLE_E_INVALID_VALUE_FOR_TYPE) at /{http://www.ooredoo.dz/ws/contract}setContractAndServicesRequest[1]/part1[1]/set:setContractAndServices[1]/SUBSCRIPTOR[1]/IdClient[1]
com.tibco.xml.validation.exception.ValueParseException: data &quot;xxx&quot; is not a valid long.  A valid example is &quot;-1, 0, 12678967543233, +100000&quot;.
	</ns:value></ns:Exception></ns:ExceptionDetails></ns:Detail></ns:Error></detail></SOAP-ENV:Fault></SOAP-ENV:Body></SOAP-ENV:Envelope>
[2026-03-29T13:04:09.976Z] --- Processing Line 22 of 49 ---
[2026-03-29T13:04:10.001Z] ❌ Line 22 FAILED: Request failed with status code 500
[2026-03-29T13:04:10.003Z]    DEBUG: WS Response Content: <SOAP-ENV:Envelope xmlns:SOAP-ENV="http://schemas.xmlsoap.org/soap/envelope/"><SOAP-ENV:Header/><SOAP-ENV:Body><SOAP-ENV:Fault><faultcode>InvalidInputDataException</faultcode><faultstring> org.xml.sax.SAXException: validation error: data &quot;xxx&quot; is not a valid long.  A valid example is &quot;-1, 0, 12678967543233, +100000&quot;.   ({com.tibco.xml.validation}SIMPLE_E_INVALID_VALUE_FOR_TYPE) at /{http://www.ooredoo.dz/ws/contract}setContractAndServicesRequest[1]/part1[1]/set:setContractAndServices[1]/SUBSCRIPTOR[1]/IdClient[1]
com.tibco.xml.validation.exception.ValueParseException: data &quot;xxx&quot; is not a valid long.  A valid example is &quot;-1, 0, 12678967543233, +100000&quot;.
	</faultstring><faultactor/><detail><ns:Error xmlns:ns="http://www.ooredoo.dz/common/wsexception/v1" xmlns:ns0="http://schemas.xmlsoap.org/soap/envelope/" xmlns:xs="http://www.w3.org/2001/XMLSchema" xmlns:xsi="http://www.w3.org/2001/XMLSchema-instance"><ns:Detail><ns:ExceptionDetails><ns:Exception><ns:key>DetailException</ns:key><ns:value> org.xml.sax.SAXException: validation error: data &quot;xxx&quot; is not a valid long.  A valid example is &quot;-1, 0, 12678967543233, +100000&quot;.   ({com.tibco.xml.validation}SIMPLE_E_INVALID_VALUE_FOR_TYPE) at /{http://www.ooredoo.dz/ws/contract}setContractAndServicesRequest[1]/part1[1]/set:setContractAndServices[1]/SUBSCRIPTOR[1]/IdClient[1]
com.tibco.xml.validation.exception.ValueParseException: data &quot;xxx&quot; is not a valid long.  A valid example is &quot;-1, 0, 12678967543233, +100000&quot;.
	</ns:value></ns:Exception></ns:ExceptionDetails></ns:Detail></ns:Error></detail></SOAP-ENV:Fault></SOAP-ENV:Body></SOAP-ENV:Envelope>
[2026-03-29T13:04:10.523Z] --- Processing Line 23 of 49 ---
[2026-03-29T13:04:10.548Z] ❌ Line 23 FAILED: Request failed with status code 500
[2026-03-29T13:04:10.550Z]    DEBUG: WS Response Content: <SOAP-ENV:Envelope xmlns:SOAP-ENV="http://schemas.xmlsoap.org/soap/envelope/"><SOAP-ENV:Header/><SOAP-ENV:Body><SOAP-ENV:Fault><faultcode>InvalidInputDataException</faultcode><faultstring> org.xml.sax.SAXException: validation error: data &quot;xxx&quot; is not a valid long.  A valid example is &quot;-1, 0, 12678967543233, +100000&quot;.   ({com.tibco.xml.validation}SIMPLE_E_INVALID_VALUE_FOR_TYPE) at /{http://www.ooredoo.dz/ws/contract}setContractAndServicesRequest[1]/part1[1]/set:setContractAndServices[1]/SUBSCRIPTOR[1]/IdClient[1]
com.tibco.xml.validation.exception.ValueParseException: data &quot;xxx&quot; is not a valid long.  A valid example is &quot;-1, 0, 12678967543233, +100000&quot;.
	</faultstring><faultactor/><detail><ns:Error xmlns:ns="http://www.ooredoo.dz/common/wsexception/v1" xmlns:ns0="http://schemas.xmlsoap.org/soap/envelope/" xmlns:xs="http://www.w3.org/2001/XMLSchema" xmlns:xsi="http://www.w3.org/2001/XMLSchema-instance"><ns:Detail><ns:ExceptionDetails><ns:Exception><ns:key>DetailException</ns:key><ns:value> org.xml.sax.SAXException: validation error: data &quot;xxx&quot; is not a valid long.  A valid example is &quot;-1, 0, 12678967543233, +100000&quot;.   ({com.tibco.xml.validation}SIMPLE_E_INVALID_VALUE_FOR_TYPE) at /{http://www.ooredoo.dz/ws/contract}setContractAndServicesRequest[1]/part1[1]/set:setContractAndServices[1]/SUBSCRIPTOR[1]/IdClient[1]
com.tibco.xml.validation.exception.ValueParseException: data &quot;xxx&quot; is not a valid long.  A valid example is &quot;-1, 0, 12678967543233, +100000&quot;.
	</ns:value></ns:Exception></ns:ExceptionDetails></ns:Detail></ns:Error></detail></SOAP-ENV:Fault></SOAP-ENV:Body></SOAP-ENV:Envelope>
[2026-03-29T13:04:11.069Z] --- Processing Line 24 of 49 ---
[2026-03-29T13:04:11.094Z] ❌ Line 24 FAILED: Request failed with status code 500
[2026-03-29T13:04:11.097Z]    DEBUG: WS Response Content: <SOAP-ENV:Envelope xmlns:SOAP-ENV="http://schemas.xmlsoap.org/soap/envelope/"><SOAP-ENV:Header/><SOAP-ENV:Body><SOAP-ENV:Fault><faultcode>InvalidInputDataException</faultcode><faultstring> org.xml.sax.SAXException: validation error: data &quot;xxx&quot; is not a valid long.  A valid example is &quot;-1, 0, 12678967543233, +100000&quot;.   ({com.tibco.xml.validation}SIMPLE_E_INVALID_VALUE_FOR_TYPE) at /{http://www.ooredoo.dz/ws/contract}setContractAndServicesRequest[1]/part1[1]/set:setContractAndServices[1]/SUBSCRIPTOR[1]/IdClient[1]
com.tibco.xml.validation.exception.ValueParseException: data &quot;xxx&quot; is not a valid long.  A valid example is &quot;-1, 0, 12678967543233, +100000&quot;.
	</faultstring><faultactor/><detail><ns:Error xmlns:ns="http://www.ooredoo.dz/common/wsexception/v1" xmlns:ns0="http://schemas.xmlsoap.org/soap/envelope/" xmlns:xs="http://www.w3.org/2001/XMLSchema" xmlns:xsi="http://www.w3.org/2001/XMLSchema-instance"><ns:Detail><ns:ExceptionDetails><ns:Exception><ns:key>DetailException</ns:key><ns:value> org.xml.sax.SAXException: validation error: data &quot;xxx&quot; is not a valid long.  A valid example is &quot;-1, 0, 12678967543233, +100000&quot;.   ({com.tibco.xml.validation}SIMPLE_E_INVALID_VALUE_FOR_TYPE) at /{http://www.ooredoo.dz/ws/contract}setContractAndServicesRequest[1]/part1[1]/set:setContractAndServices[1]/SUBSCRIPTOR[1]/IdClient[1]
com.tibco.xml.validation.exception.ValueParseException: data &quot;xxx&quot; is not a valid long.  A valid example is &quot;-1, 0, 12678967543233, +100000&quot;.
	</ns:value></ns:Exception></ns:ExceptionDetails></ns:Detail></ns:Error></detail></SOAP-ENV:Fault></SOAP-ENV:Body></SOAP-ENV:Envelope>
[2026-03-29T13:04:11.614Z] --- Processing Line 25 of 49 ---
[2026-03-29T13:04:11.642Z] ❌ Line 25 FAILED: Request failed with status code 500
[2026-03-29T13:04:11.645Z]    DEBUG: WS Response Content: <SOAP-ENV:Envelope xmlns:SOAP-ENV="http://schemas.xmlsoap.org/soap/envelope/"><SOAP-ENV:Header/><SOAP-ENV:Body><SOAP-ENV:Fault><faultcode>InvalidInputDataException</faultcode><faultstring> org.xml.sax.SAXException: validation error: data &quot;xxx&quot; is not a valid long.  A valid example is &quot;-1, 0, 12678967543233, +100000&quot;.   ({com.tibco.xml.validation}SIMPLE_E_INVALID_VALUE_FOR_TYPE) at /{http://www.ooredoo.dz/ws/contract}setContractAndServicesRequest[1]/part1[1]/set:setContractAndServices[1]/SUBSCRIPTOR[1]/IdClient[1]
com.tibco.xml.validation.exception.ValueParseException: data &quot;xxx&quot; is not a valid long.  A valid example is &quot;-1, 0, 12678967543233, +100000&quot;.
	</faultstring><faultactor/><detail><ns:Error xmlns:ns="http://www.ooredoo.dz/common/wsexception/v1" xmlns:ns0="http://schemas.xmlsoap.org/soap/envelope/" xmlns:xs="http://www.w3.org/2001/XMLSchema" xmlns:xsi="http://www.w3.org/2001/XMLSchema-instance"><ns:Detail><ns:ExceptionDetails><ns:Exception><ns:key>DetailException</ns:key><ns:value> org.xml.sax.SAXException: validation error: data &quot;xxx&quot; is not a valid long.  A valid example is &quot;-1, 0, 12678967543233, +100000&quot;.   ({com.tibco.xml.validation}SIMPLE_E_INVALID_VALUE_FOR_TYPE) at /{http://www.ooredoo.dz/ws/contract}setContractAndServicesRequest[1]/part1[1]/set:setContractAndServices[1]/SUBSCRIPTOR[1]/IdClient[1]
com.tibco.xml.validation.exception.ValueParseException: data &quot;xxx&quot; is not a valid long.  A valid example is &quot;-1, 0, 12678967543233, +100000&quot;.
	</ns:value></ns:Exception></ns:ExceptionDetails></ns:Detail></ns:Error></detail></SOAP-ENV:Fault></SOAP-ENV:Body></SOAP-ENV:Envelope>
[2026-03-29T13:04:12.160Z] --- Processing Line 26 of 49 ---
[2026-03-29T13:04:12.184Z] ❌ Line 26 FAILED: Request failed with status code 500
[2026-03-29T13:04:12.186Z]    DEBUG: WS Response Content: <SOAP-ENV:Envelope xmlns:SOAP-ENV="http://schemas.xmlsoap.org/soap/envelope/"><SOAP-ENV:Header/><SOAP-ENV:Body><SOAP-ENV:Fault><faultcode>InvalidInputDataException</faultcode><faultstring> org.xml.sax.SAXException: validation error: data &quot;xxx&quot; is not a valid long.  A valid example is &quot;-1, 0, 12678967543233, +100000&quot;.   ({com.tibco.xml.validation}SIMPLE_E_INVALID_VALUE_FOR_TYPE) at /{http://www.ooredoo.dz/ws/contract}setContractAndServicesRequest[1]/part1[1]/set:setContractAndServices[1]/SUBSCRIPTOR[1]/IdClient[1]
com.tibco.xml.validation.exception.ValueParseException: data &quot;xxx&quot; is not a valid long.  A valid example is &quot;-1, 0, 12678967543233, +100000&quot;.
	</faultstring><faultactor/><detail><ns:Error xmlns:ns="http://www.ooredoo.dz/common/wsexception/v1" xmlns:ns0="http://schemas.xmlsoap.org/soap/envelope/" xmlns:xs="http://www.w3.org/2001/XMLSchema" xmlns:xsi="http://www.w3.org/2001/XMLSchema-instance"><ns:Detail><ns:ExceptionDetails><ns:Exception><ns:key>DetailException</ns:key><ns:value> org.xml.sax.SAXException: validation error: data &quot;xxx&quot; is not a valid long.  A valid example is &quot;-1, 0, 12678967543233, +100000&quot;.   ({com.tibco.xml.validation}SIMPLE_E_INVALID_VALUE_FOR_TYPE) at /{http://www.ooredoo.dz/ws/contract}setContractAndServicesRequest[1]/part1[1]/set:setContractAndServices[1]/SUBSCRIPTOR[1]/IdClient[1]
com.tibco.xml.validation.exception.ValueParseException: data &quot;xxx&quot; is not a valid long.  A valid example is &quot;-1, 0, 12678967543233, +100000&quot;.
	</ns:value></ns:Exception></ns:ExceptionDetails></ns:Detail></ns:Error></detail></SOAP-ENV:Fault></SOAP-ENV:Body></SOAP-ENV:Envelope>
[2026-03-29T13:04:12.704Z] --- Processing Line 27 of 49 ---
[2026-03-29T13:04:12.729Z] ❌ Line 27 FAILED: Request failed with status code 500
[2026-03-29T13:04:12.731Z]    DEBUG: WS Response Content: <SOAP-ENV:Envelope xmlns:SOAP-ENV="http://schemas.xmlsoap.org/soap/envelope/"><SOAP-ENV:Header/><SOAP-ENV:Body><SOAP-ENV:Fault><faultcode>InvalidInputDataException</faultcode><faultstring> org.xml.sax.SAXException: validation error: data &quot;xxx&quot; is not a valid long.  A valid example is &quot;-1, 0, 12678967543233, +100000&quot;.   ({com.tibco.xml.validation}SIMPLE_E_INVALID_VALUE_FOR_TYPE) at /{http://www.ooredoo.dz/ws/contract}setContractAndServicesRequest[1]/part1[1]/set:setContractAndServices[1]/SUBSCRIPTOR[1]/IdClient[1]
com.tibco.xml.validation.exception.ValueParseException: data &quot;xxx&quot; is not a valid long.  A valid example is &quot;-1, 0, 12678967543233, +100000&quot;.
	</faultstring><faultactor/><detail><ns:Error xmlns:ns="http://www.ooredoo.dz/common/wsexception/v1" xmlns:ns0="http://schemas.xmlsoap.org/soap/envelope/" xmlns:xs="http://www.w3.org/2001/XMLSchema" xmlns:xsi="http://www.w3.org/2001/XMLSchema-instance"><ns:Detail><ns:ExceptionDetails><ns:Exception><ns:key>DetailException</ns:key><ns:value> org.xml.sax.SAXException: validation error: data &quot;xxx&quot; is not a valid long.  A valid example is &quot;-1, 0, 12678967543233, +100000&quot;.   ({com.tibco.xml.validation}SIMPLE_E_INVALID_VALUE_FOR_TYPE) at /{http://www.ooredoo.dz/ws/contract}setContractAndServicesRequest[1]/part1[1]/set:setContractAndServices[1]/SUBSCRIPTOR[1]/IdClient[1]
com.tibco.xml.validation.exception.ValueParseException: data &quot;xxx&quot; is not a valid long.  A valid example is &quot;-1, 0, 12678967543233, +100000&quot;.
	</ns:value></ns:Exception></ns:ExceptionDetails></ns:Detail></ns:Error></detail></SOAP-ENV:Fault></SOAP-ENV:Body></SOAP-ENV:Envelope>
[2026-03-29T13:04:13.250Z] --- Processing Line 28 of 49 ---
[2026-03-29T13:04:13.275Z] ❌ Line 28 FAILED: Request failed with status code 500
[2026-03-29T13:04:13.277Z]    DEBUG: WS Response Content: <SOAP-ENV:Envelope xmlns:SOAP-ENV="http://schemas.xmlsoap.org/soap/envelope/"><SOAP-ENV:Header/><SOAP-ENV:Body><SOAP-ENV:Fault><faultcode>InvalidInputDataException</faultcode><faultstring> org.xml.sax.SAXException: validation error: data &quot;xxx&quot; is not a valid long.  A valid example is &quot;-1, 0, 12678967543233, +100000&quot;.   ({com.tibco.xml.validation}SIMPLE_E_INVALID_VALUE_FOR_TYPE) at /{http://www.ooredoo.dz/ws/contract}setContractAndServicesRequest[1]/part1[1]/set:setContractAndServices[1]/SUBSCRIPTOR[1]/IdClient[1]
com.tibco.xml.validation.exception.ValueParseException: data &quot;xxx&quot; is not a valid long.  A valid example is &quot;-1, 0, 12678967543233, +100000&quot;.
	</faultstring><faultactor/><detail><ns:Error xmlns:ns="http://www.ooredoo.dz/common/wsexception/v1" xmlns:ns0="http://schemas.xmlsoap.org/soap/envelope/" xmlns:xs="http://www.w3.org/2001/XMLSchema" xmlns:xsi="http://www.w3.org/2001/XMLSchema-instance"><ns:Detail><ns:ExceptionDetails><ns:Exception><ns:key>DetailException</ns:key><ns:value> org.xml.sax.SAXException: validation error: data &quot;xxx&quot; is not a valid long.  A valid example is &quot;-1, 0, 12678967543233, +100000&quot;.   ({com.tibco.xml.validation}SIMPLE_E_INVALID_VALUE_FOR_TYPE) at /{http://www.ooredoo.dz/ws/contract}setContractAndServicesRequest[1]/part1[1]/set:setContractAndServices[1]/SUBSCRIPTOR[1]/IdClient[1]
com.tibco.xml.validation.exception.ValueParseException: data &quot;xxx&quot; is not a valid long.  A valid example is &quot;-1, 0, 12678967543233, +100000&quot;.
	</ns:value></ns:Exception></ns:ExceptionDetails></ns:Detail></ns:Error></detail></SOAP-ENV:Fault></SOAP-ENV:Body></SOAP-ENV:Envelope>
[2026-03-29T13:04:13.796Z] --- Processing Line 29 of 49 ---
[2026-03-29T13:04:13.820Z] ❌ Line 29 FAILED: Request failed with status code 500
[2026-03-29T13:04:13.823Z]    DEBUG: WS Response Content: <SOAP-ENV:Envelope xmlns:SOAP-ENV="http://schemas.xmlsoap.org/soap/envelope/"><SOAP-ENV:Header/><SOAP-ENV:Body><SOAP-ENV:Fault><faultcode>InvalidInputDataException</faultcode><faultstring> org.xml.sax.SAXException: validation error: data &quot;xxx&quot; is not a valid long.  A valid example is &quot;-1, 0, 12678967543233, +100000&quot;.   ({com.tibco.xml.validation}SIMPLE_E_INVALID_VALUE_FOR_TYPE) at /{http://www.ooredoo.dz/ws/contract}setContractAndServicesRequest[1]/part1[1]/set:setContractAndServices[1]/SUBSCRIPTOR[1]/IdClient[1]
com.tibco.xml.validation.exception.ValueParseException: data &quot;xxx&quot; is not a valid long.  A valid example is &quot;-1, 0, 12678967543233, +100000&quot;.
	</faultstring><faultactor/><detail><ns:Error xmlns:ns="http://www.ooredoo.dz/common/wsexception/v1" xmlns:ns0="http://schemas.xmlsoap.org/soap/envelope/" xmlns:xs="http://www.w3.org/2001/XMLSchema" xmlns:xsi="http://www.w3.org/2001/XMLSchema-instance"><ns:Detail><ns:ExceptionDetails><ns:Exception><ns:key>DetailException</ns:key><ns:value> org.xml.sax.SAXException: validation error: data &quot;xxx&quot; is not a valid long.  A valid example is &quot;-1, 0, 12678967543233, +100000&quot;.   ({com.tibco.xml.validation}SIMPLE_E_INVALID_VALUE_FOR_TYPE) at /{http://www.ooredoo.dz/ws/contract}setContractAndServicesRequest[1]/part1[1]/set:setContractAndServices[1]/SUBSCRIPTOR[1]/IdClient[1]
com.tibco.xml.validation.exception.ValueParseException: data &quot;xxx&quot; is not a valid long.  A valid example is &quot;-1, 0, 12678967543233, +100000&quot;.
	</ns:value></ns:Exception></ns:ExceptionDetails></ns:Detail></ns:Error></detail></SOAP-ENV:Fault></SOAP-ENV:Body></SOAP-ENV:Envelope>
[2026-03-29T13:04:14.338Z] --- Processing Line 30 of 49 ---
[2026-03-29T13:04:14.362Z] ❌ Line 30 FAILED: Request failed with status code 500
[2026-03-29T13:04:14.365Z]    DEBUG: WS Response Content: <SOAP-ENV:Envelope xmlns:SOAP-ENV="http://schemas.xmlsoap.org/soap/envelope/"><SOAP-ENV:Header/><SOAP-ENV:Body><SOAP-ENV:Fault><faultcode>InvalidInputDataException</faultcode><faultstring> org.xml.sax.SAXException: validation error: data &quot;xxx&quot; is not a valid long.  A valid example is &quot;-1, 0, 12678967543233, +100000&quot;.   ({com.tibco.xml.validation}SIMPLE_E_INVALID_VALUE_FOR_TYPE) at /{http://www.ooredoo.dz/ws/contract}setContractAndServicesRequest[1]/part1[1]/set:setContractAndServices[1]/SUBSCRIPTOR[1]/IdClient[1]
com.tibco.xml.validation.exception.ValueParseException: data &quot;xxx&quot; is not a valid long.  A valid example is &quot;-1, 0, 12678967543233, +100000&quot;.
	</faultstring><faultactor/><detail><ns:Error xmlns:ns="http://www.ooredoo.dz/common/wsexception/v1" xmlns:ns0="http://schemas.xmlsoap.org/soap/envelope/" xmlns:xs="http://www.w3.org/2001/XMLSchema" xmlns:xsi="http://www.w3.org/2001/XMLSchema-instance"><ns:Detail><ns:ExceptionDetails><ns:Exception><ns:key>DetailException</ns:key><ns:value> org.xml.sax.SAXException: validation error: data &quot;xxx&quot; is not a valid long.  A valid example is &quot;-1, 0, 12678967543233, +100000&quot;.   ({com.tibco.xml.validation}SIMPLE_E_INVALID_VALUE_FOR_TYPE) at /{http://www.ooredoo.dz/ws/contract}setContractAndServicesRequest[1]/part1[1]/set:setContractAndServices[1]/SUBSCRIPTOR[1]/IdClient[1]
com.tibco.xml.validation.exception.ValueParseException: data &quot;xxx&quot; is not a valid long.  A valid example is &quot;-1, 0, 12678967543233, +100000&quot;.
	</ns:value></ns:Exception></ns:ExceptionDetails></ns:Detail></ns:Error></detail></SOAP-ENV:Fault></SOAP-ENV:Body></SOAP-ENV:Envelope>
[2026-03-29T13:04:14.882Z] --- Processing Line 31 of 49 ---
[2026-03-29T13:04:14.906Z] ❌ Line 31 FAILED: Request failed with status code 500
[2026-03-29T13:04:14.909Z]    DEBUG: WS Response Content: <SOAP-ENV:Envelope xmlns:SOAP-ENV="http://schemas.xmlsoap.org/soap/envelope/"><SOAP-ENV:Header/><SOAP-ENV:Body><SOAP-ENV:Fault><faultcode>InvalidInputDataException</faultcode><faultstring> org.xml.sax.SAXException: validation error: data &quot;xxx&quot; is not a valid long.  A valid example is &quot;-1, 0, 12678967543233, +100000&quot;.   ({com.tibco.xml.validation}SIMPLE_E_INVALID_VALUE_FOR_TYPE) at /{http://www.ooredoo.dz/ws/contract}setContractAndServicesRequest[1]/part1[1]/set:setContractAndServices[1]/SUBSCRIPTOR[1]/IdClient[1]
com.tibco.xml.validation.exception.ValueParseException: data &quot;xxx&quot; is not a valid long.  A valid example is &quot;-1, 0, 12678967543233, +100000&quot;.
	</faultstring><faultactor/><detail><ns:Error xmlns:ns="http://www.ooredoo.dz/common/wsexception/v1" xmlns:ns0="http://schemas.xmlsoap.org/soap/envelope/" xmlns:xs="http://www.w3.org/2001/XMLSchema" xmlns:xsi="http://www.w3.org/2001/XMLSchema-instance"><ns:Detail><ns:ExceptionDetails><ns:Exception><ns:key>DetailException</ns:key><ns:value> org.xml.sax.SAXException: validation error: data &quot;xxx&quot; is not a valid long.  A valid example is &quot;-1, 0, 12678967543233, +100000&quot;.   ({com.tibco.xml.validation}SIMPLE_E_INVALID_VALUE_FOR_TYPE) at /{http://www.ooredoo.dz/ws/contract}setContractAndServicesRequest[1]/part1[1]/set:setContractAndServices[1]/SUBSCRIPTOR[1]/IdClient[1]
com.tibco.xml.validation.exception.ValueParseException: data &quot;xxx&quot; is not a valid long.  A valid example is &quot;-1, 0, 12678967543233, +100000&quot;.
	</ns:value></ns:Exception></ns:ExceptionDetails></ns:Detail></ns:Error></detail></SOAP-ENV:Fault></SOAP-ENV:Body></SOAP-ENV:Envelope>
[2026-03-29T13:04:15.428Z] --- Processing Line 32 of 49 ---
[2026-03-29T13:04:15.455Z] ❌ Line 32 FAILED: Request failed with status code 500
[2026-03-29T13:04:15.457Z]    DEBUG: WS Response Content: <SOAP-ENV:Envelope xmlns:SOAP-ENV="http://schemas.xmlsoap.org/soap/envelope/"><SOAP-ENV:Header/><SOAP-ENV:Body><SOAP-ENV:Fault><faultcode>InvalidInputDataException</faultcode><faultstring> org.xml.sax.SAXException: validation error: data &quot;xxx&quot; is not a valid long.  A valid example is &quot;-1, 0, 12678967543233, +100000&quot;.   ({com.tibco.xml.validation}SIMPLE_E_INVALID_VALUE_FOR_TYPE) at /{http://www.ooredoo.dz/ws/contract}setContractAndServicesRequest[1]/part1[1]/set:setContractAndServices[1]/SUBSCRIPTOR[1]/IdClient[1]
com.tibco.xml.validation.exception.ValueParseException: data &quot;xxx&quot; is not a valid long.  A valid example is &quot;-1, 0, 12678967543233, +100000&quot;.
	</faultstring><faultactor/><detail><ns:Error xmlns:ns="http://www.ooredoo.dz/common/wsexception/v1" xmlns:ns0="http://schemas.xmlsoap.org/soap/envelope/" xmlns:xs="http://www.w3.org/2001/XMLSchema" xmlns:xsi="http://www.w3.org/2001/XMLSchema-instance"><ns:Detail><ns:ExceptionDetails><ns:Exception><ns:key>DetailException</ns:key><ns:value> org.xml.sax.SAXException: validation error: data &quot;xxx&quot; is not a valid long.  A valid example is &quot;-1, 0, 12678967543233, +100000&quot;.   ({com.tibco.xml.validation}SIMPLE_E_INVALID_VALUE_FOR_TYPE) at /{http://www.ooredoo.dz/ws/contract}setContractAndServicesRequest[1]/part1[1]/set:setContractAndServices[1]/SUBSCRIPTOR[1]/IdClient[1]
com.tibco.xml.validation.exception.ValueParseException: data &quot;xxx&quot; is not a valid long.  A valid example is &quot;-1, 0, 12678967543233, +100000&quot;.
	</ns:value></ns:Exception></ns:ExceptionDetails></ns:Detail></ns:Error></detail></SOAP-ENV:Fault></SOAP-ENV:Body></SOAP-ENV:Envelope>
[2026-03-29T13:04:15.975Z] --- Processing Line 33 of 49 ---
[2026-03-29T13:04:16.001Z] ❌ Line 33 FAILED: Request failed with status code 500
[2026-03-29T13:04:16.003Z]    DEBUG: WS Response Content: <SOAP-ENV:Envelope xmlns:SOAP-ENV="http://schemas.xmlsoap.org/soap/envelope/"><SOAP-ENV:Header/><SOAP-ENV:Body><SOAP-ENV:Fault><faultcode>InvalidInputDataException</faultcode><faultstring> org.xml.sax.SAXException: validation error: data &quot;xxx&quot; is not a valid long.  A valid example is &quot;-1, 0, 12678967543233, +100000&quot;.   ({com.tibco.xml.validation}SIMPLE_E_INVALID_VALUE_FOR_TYPE) at /{http://www.ooredoo.dz/ws/contract}setContractAndServicesRequest[1]/part1[1]/set:setContractAndServices[1]/SUBSCRIPTOR[1]/IdClient[1]
com.tibco.xml.validation.exception.ValueParseException: data &quot;xxx&quot; is not a valid long.  A valid example is &quot;-1, 0, 12678967543233, +100000&quot;.
	</faultstring><faultactor/><detail><ns:Error xmlns:ns="http://www.ooredoo.dz/common/wsexception/v1" xmlns:ns0="http://schemas.xmlsoap.org/soap/envelope/" xmlns:xs="http://www.w3.org/2001/XMLSchema" xmlns:xsi="http://www.w3.org/2001/XMLSchema-instance"><ns:Detail><ns:ExceptionDetails><ns:Exception><ns:key>DetailException</ns:key><ns:value> org.xml.sax.SAXException: validation error: data &quot;xxx&quot; is not a valid long.  A valid example is &quot;-1, 0, 12678967543233, +100000&quot;.   ({com.tibco.xml.validation}SIMPLE_E_INVALID_VALUE_FOR_TYPE) at /{http://www.ooredoo.dz/ws/contract}setContractAndServicesRequest[1]/part1[1]/set:setContractAndServices[1]/SUBSCRIPTOR[1]/IdClient[1]
com.tibco.xml.validation.exception.ValueParseException: data &quot;xxx&quot; is not a valid long.  A valid example is &quot;-1, 0, 12678967543233, +100000&quot;.
	</ns:value></ns:Exception></ns:ExceptionDetails></ns:Detail></ns:Error></detail></SOAP-ENV:Fault></SOAP-ENV:Body></SOAP-ENV:Envelope>
[2026-03-29T13:04:16.520Z] --- Processing Line 34 of 49 ---
[2026-03-29T13:04:16.545Z] ❌ Line 34 FAILED: Request failed with status code 500
[2026-03-29T13:04:16.548Z]    DEBUG: WS Response Content: <SOAP-ENV:Envelope xmlns:SOAP-ENV="http://schemas.xmlsoap.org/soap/envelope/"><SOAP-ENV:Header/><SOAP-ENV:Body><SOAP-ENV:Fault><faultcode>InvalidInputDataException</faultcode><faultstring> org.xml.sax.SAXException: validation error: data &quot;xxx&quot; is not a valid long.  A valid example is &quot;-1, 0, 12678967543233, +100000&quot;.   ({com.tibco.xml.validation}SIMPLE_E_INVALID_VALUE_FOR_TYPE) at /{http://www.ooredoo.dz/ws/contract}setContractAndServicesRequest[1]/part1[1]/set:setContractAndServices[1]/SUBSCRIPTOR[1]/IdClient[1]
com.tibco.xml.validation.exception.ValueParseException: data &quot;xxx&quot; is not a valid long.  A valid example is &quot;-1, 0, 12678967543233, +100000&quot;.
	</faultstring><faultactor/><detail><ns:Error xmlns:ns="http://www.ooredoo.dz/common/wsexception/v1" xmlns:ns0="http://schemas.xmlsoap.org/soap/envelope/" xmlns:xs="http://www.w3.org/2001/XMLSchema" xmlns:xsi="http://www.w3.org/2001/XMLSchema-instance"><ns:Detail><ns:ExceptionDetails><ns:Exception><ns:key>DetailException</ns:key><ns:value> org.xml.sax.SAXException: validation error: data &quot;xxx&quot; is not a valid long.  A valid example is &quot;-1, 0, 12678967543233, +100000&quot;.   ({com.tibco.xml.validation}SIMPLE_E_INVALID_VALUE_FOR_TYPE) at /{http://www.ooredoo.dz/ws/contract}setContractAndServicesRequest[1]/part1[1]/set:setContractAndServices[1]/SUBSCRIPTOR[1]/IdClient[1]
com.tibco.xml.validation.exception.ValueParseException: data &quot;xxx&quot; is not a valid long.  A valid example is &quot;-1, 0, 12678967543233, +100000&quot;.
	</ns:value></ns:Exception></ns:ExceptionDetails></ns:Detail></ns:Error></detail></SOAP-ENV:Fault></SOAP-ENV:Body></SOAP-ENV:Envelope>
[2026-03-29T13:04:17.067Z] --- Processing Line 35 of 49 ---
[2026-03-29T13:04:17.092Z] ❌ Line 35 FAILED: Request failed with status code 500
[2026-03-29T13:04:17.094Z]    DEBUG: WS Response Content: <SOAP-ENV:Envelope xmlns:SOAP-ENV="http://schemas.xmlsoap.org/soap/envelope/"><SOAP-ENV:Header/><SOAP-ENV:Body><SOAP-ENV:Fault><faultcode>InvalidInputDataException</faultcode><faultstring> org.xml.sax.SAXException: validation error: data &quot;xxx&quot; is not a valid long.  A valid example is &quot;-1, 0, 12678967543233, +100000&quot;.   ({com.tibco.xml.validation}SIMPLE_E_INVALID_VALUE_FOR_TYPE) at /{http://www.ooredoo.dz/ws/contract}setContractAndServicesRequest[1]/part1[1]/set:setContractAndServices[1]/SUBSCRIPTOR[1]/IdClient[1]
com.tibco.xml.validation.exception.ValueParseException: data &quot;xxx&quot; is not a valid long.  A valid example is &quot;-1, 0, 12678967543233, +100000&quot;.
	</faultstring><faultactor/><detail><ns:Error xmlns:ns="http://www.ooredoo.dz/common/wsexception/v1" xmlns:ns0="http://schemas.xmlsoap.org/soap/envelope/" xmlns:xs="http://www.w3.org/2001/XMLSchema" xmlns:xsi="http://www.w3.org/2001/XMLSchema-instance"><ns:Detail><ns:ExceptionDetails><ns:Exception><ns:key>DetailException</ns:key><ns:value> org.xml.sax.SAXException: validation error: data &quot;xxx&quot; is not a valid long.  A valid example is &quot;-1, 0, 12678967543233, +100000&quot;.   ({com.tibco.xml.validation}SIMPLE_E_INVALID_VALUE_FOR_TYPE) at /{http://www.ooredoo.dz/ws/contract}setContractAndServicesRequest[1]/part1[1]/set:setContractAndServices[1]/SUBSCRIPTOR[1]/IdClient[1]
com.tibco.xml.validation.exception.ValueParseException: data &quot;xxx&quot; is not a valid long.  A valid example is &quot;-1, 0, 12678967543233, +100000&quot;.
	</ns:value></ns:Exception></ns:ExceptionDetails></ns:Detail></ns:Error></detail></SOAP-ENV:Fault></SOAP-ENV:Body></SOAP-ENV:Envelope>
[2026-03-29T13:04:17.614Z] --- Processing Line 36 of 49 ---
[2026-03-29T13:04:17.639Z] ❌ Line 36 FAILED: Request failed with status code 500
[2026-03-29T13:04:17.642Z]    DEBUG: WS Response Content: <SOAP-ENV:Envelope xmlns:SOAP-ENV="http://schemas.xmlsoap.org/soap/envelope/"><SOAP-ENV:Header/><SOAP-ENV:Body><SOAP-ENV:Fault><faultcode>InvalidInputDataException</faultcode><faultstring> org.xml.sax.SAXException: validation error: data &quot;xxx&quot; is not a valid long.  A valid example is &quot;-1, 0, 12678967543233, +100000&quot;.   ({com.tibco.xml.validation}SIMPLE_E_INVALID_VALUE_FOR_TYPE) at /{http://www.ooredoo.dz/ws/contract}setContractAndServicesRequest[1]/part1[1]/set:setContractAndServices[1]/SUBSCRIPTOR[1]/IdClient[1]
com.tibco.xml.validation.exception.ValueParseException: data &quot;xxx&quot; is not a valid long.  A valid example is &quot;-1, 0, 12678967543233, +100000&quot;.
	</faultstring><faultactor/><detail><ns:Error xmlns:ns="http://www.ooredoo.dz/common/wsexception/v1" xmlns:ns0="http://schemas.xmlsoap.org/soap/envelope/" xmlns:xs="http://www.w3.org/2001/XMLSchema" xmlns:xsi="http://www.w3.org/2001/XMLSchema-instance"><ns:Detail><ns:ExceptionDetails><ns:Exception><ns:key>DetailException</ns:key><ns:value> org.xml.sax.SAXException: validation error: data &quot;xxx&quot; is not a valid long.  A valid example is &quot;-1, 0, 12678967543233, +100000&quot;.   ({com.tibco.xml.validation}SIMPLE_E_INVALID_VALUE_FOR_TYPE) at /{http://www.ooredoo.dz/ws/contract}setContractAndServicesRequest[1]/part1[1]/set:setContractAndServices[1]/SUBSCRIPTOR[1]/IdClient[1]
com.tibco.xml.validation.exception.ValueParseException: data &quot;xxx&quot; is not a valid long.  A valid example is &quot;-1, 0, 12678967543233, +100000&quot;.
	</ns:value></ns:Exception></ns:ExceptionDetails></ns:Detail></ns:Error></detail></SOAP-ENV:Fault></SOAP-ENV:Body></SOAP-ENV:Envelope>
[2026-03-29T13:04:18.149Z] --- Processing Line 37 of 49 ---
[2026-03-29T13:04:18.173Z] ❌ Line 37 FAILED: Request failed with status code 500
[2026-03-29T13:04:18.176Z]    DEBUG: WS Response Content: <SOAP-ENV:Envelope xmlns:SOAP-ENV="http://schemas.xmlsoap.org/soap/envelope/"><SOAP-ENV:Header/><SOAP-ENV:Body><SOAP-ENV:Fault><faultcode>InvalidInputDataException</faultcode><faultstring> org.xml.sax.SAXException: validation error: data &quot;xxx&quot; is not a valid long.  A valid example is &quot;-1, 0, 12678967543233, +100000&quot;.   ({com.tibco.xml.validation}SIMPLE_E_INVALID_VALUE_FOR_TYPE) at /{http://www.ooredoo.dz/ws/contract}setContractAndServicesRequest[1]/part1[1]/set:setContractAndServices[1]/SUBSCRIPTOR[1]/IdClient[1]
com.tibco.xml.validation.exception.ValueParseException: data &quot;xxx&quot; is not a valid long.  A valid example is &quot;-1, 0, 12678967543233, +100000&quot;.
	</faultstring><faultactor/><detail><ns:Error xmlns:ns="http://www.ooredoo.dz/common/wsexception/v1" xmlns:ns0="http://schemas.xmlsoap.org/soap/envelope/" xmlns:xs="http://www.w3.org/2001/XMLSchema" xmlns:xsi="http://www.w3.org/2001/XMLSchema-instance"><ns:Detail><ns:ExceptionDetails><ns:Exception><ns:key>DetailException</ns:key><ns:value> org.xml.sax.SAXException: validation error: data &quot;xxx&quot; is not a valid long.  A valid example is &quot;-1, 0, 12678967543233, +100000&quot;.   ({com.tibco.xml.validation}SIMPLE_E_INVALID_VALUE_FOR_TYPE) at /{http://www.ooredoo.dz/ws/contract}setContractAndServicesRequest[1]/part1[1]/set:setContractAndServices[1]/SUBSCRIPTOR[1]/IdClient[1]
com.tibco.xml.validation.exception.ValueParseException: data &quot;xxx&quot; is not a valid long.  A valid example is &quot;-1, 0, 12678967543233, +100000&quot;.
	</ns:value></ns:Exception></ns:ExceptionDetails></ns:Detail></ns:Error></detail></SOAP-ENV:Fault></SOAP-ENV:Body></SOAP-ENV:Envelope>
[2026-03-29T13:04:18.697Z] --- Processing Line 38 of 49 ---
[2026-03-29T13:04:18.722Z] ❌ Line 38 FAILED: Request failed with status code 500
[2026-03-29T13:04:18.724Z]    DEBUG: WS Response Content: <SOAP-ENV:Envelope xmlns:SOAP-ENV="http://schemas.xmlsoap.org/soap/envelope/"><SOAP-ENV:Header/><SOAP-ENV:Body><SOAP-ENV:Fault><faultcode>InvalidInputDataException</faultcode><faultstring> org.xml.sax.SAXException: validation error: data &quot;xxx&quot; is not a valid long.  A valid example is &quot;-1, 0, 12678967543233, +100000&quot;.   ({com.tibco.xml.validation}SIMPLE_E_INVALID_VALUE_FOR_TYPE) at /{http://www.ooredoo.dz/ws/contract}setContractAndServicesRequest[1]/part1[1]/set:setContractAndServices[1]/SUBSCRIPTOR[1]/IdClient[1]
com.tibco.xml.validation.exception.ValueParseException: data &quot;xxx&quot; is not a valid long.  A valid example is &quot;-1, 0, 12678967543233, +100000&quot;.
	</faultstring><faultactor/><detail><ns:Error xmlns:ns="http://www.ooredoo.dz/common/wsexception/v1" xmlns:ns0="http://schemas.xmlsoap.org/soap/envelope/" xmlns:xs="http://www.w3.org/2001/XMLSchema" xmlns:xsi="http://www.w3.org/2001/XMLSchema-instance"><ns:Detail><ns:ExceptionDetails><ns:Exception><ns:key>DetailException</ns:key><ns:value> org.xml.sax.SAXException: validation error: data &quot;xxx&quot; is not a valid long.  A valid example is &quot;-1, 0, 12678967543233, +100000&quot;.   ({com.tibco.xml.validation}SIMPLE_E_INVALID_VALUE_FOR_TYPE) at /{http://www.ooredoo.dz/ws/contract}setContractAndServicesRequest[1]/part1[1]/set:setContractAndServices[1]/SUBSCRIPTOR[1]/IdClient[1]
com.tibco.xml.validation.exception.ValueParseException: data &quot;xxx&quot; is not a valid long.  A valid example is &quot;-1, 0, 12678967543233, +100000&quot;.
	</ns:value></ns:Exception></ns:ExceptionDetails></ns:Detail></ns:Error></detail></SOAP-ENV:Fault></SOAP-ENV:Body></SOAP-ENV:Envelope>
[2026-03-29T13:04:19.234Z] ⏸️  Batch SetContractAndServices_29032026_140127 PAUSED at line 39
[2026-03-29T13:07:29.986Z] ▶️  Batch SetContractAndServices_29032026_140127 RESUMED at line 39
[2026-03-29T13:07:29.991Z] --- Processing Line 39 of 49 ---
[2026-03-29T13:07:30.041Z] ❌ Line 39 FAILED: Request failed with status code 500
[2026-03-29T13:07:30.043Z]    DEBUG: WS Response Content: <SOAP-ENV:Envelope xmlns:SOAP-ENV="http://schemas.xmlsoap.org/soap/envelope/"><SOAP-ENV:Header/><SOAP-ENV:Body><SOAP-ENV:Fault><faultcode>InvalidInputDataException</faultcode><faultstring> org.xml.sax.SAXException: validation error: data &quot;xxx&quot; is not a valid long.  A valid example is &quot;-1, 0, 12678967543233, +100000&quot;.   ({com.tibco.xml.validation}SIMPLE_E_INVALID_VALUE_FOR_TYPE) at /{http://www.ooredoo.dz/ws/contract}setContractAndServicesRequest[1]/part1[1]/set:setContractAndServices[1]/SUBSCRIPTOR[1]/IdClient[1]
com.tibco.xml.validation.exception.ValueParseException: data &quot;xxx&quot; is not a valid long.  A valid example is &quot;-1, 0, 12678967543233, +100000&quot;.
	</faultstring><faultactor/><detail><ns:Error xmlns:ns="http://www.ooredoo.dz/common/wsexception/v1" xmlns:ns0="http://schemas.xmlsoap.org/soap/envelope/" xmlns:xs="http://www.w3.org/2001/XMLSchema" xmlns:xsi="http://www.w3.org/2001/XMLSchema-instance"><ns:Detail><ns:ExceptionDetails><ns:Exception><ns:key>DetailException</ns:key><ns:value> org.xml.sax.SAXException: validation error: data &quot;xxx&quot; is not a valid long.  A valid example is &quot;-1, 0, 12678967543233, +100000&quot;.   ({com.tibco.xml.validation}SIMPLE_E_INVALID_VALUE_FOR_TYPE) at /{http://www.ooredoo.dz/ws/contract}setContractAndServicesRequest[1]/part1[1]/set:setContractAndServices[1]/SUBSCRIPTOR[1]/IdClient[1]
com.tibco.xml.validation.exception.ValueParseException: data &quot;xxx&quot; is not a valid long.  A valid example is &quot;-1, 0, 12678967543233, +100000&quot;.
	</ns:value></ns:Exception></ns:ExceptionDetails></ns:Detail></ns:Error></detail></SOAP-ENV:Fault></SOAP-ENV:Body></SOAP-ENV:Envelope>
[2026-03-29T13:07:30.550Z] --- Processing Line 40 of 49 ---
[2026-03-29T13:07:30.575Z] ❌ Line 40 FAILED: Request failed with status code 500
[2026-03-29T13:07:30.577Z]    DEBUG: WS Response Content: <SOAP-ENV:Envelope xmlns:SOAP-ENV="http://schemas.xmlsoap.org/soap/envelope/"><SOAP-ENV:Header/><SOAP-ENV:Body><SOAP-ENV:Fault><faultcode>InvalidInputDataException</faultcode><faultstring> org.xml.sax.SAXException: validation error: data &quot;xxx&quot; is not a valid long.  A valid example is &quot;-1, 0, 12678967543233, +100000&quot;.   ({com.tibco.xml.validation}SIMPLE_E_INVALID_VALUE_FOR_TYPE) at /{http://www.ooredoo.dz/ws/contract}setContractAndServicesRequest[1]/part1[1]/set:setContractAndServices[1]/SUBSCRIPTOR[1]/IdClient[1]
com.tibco.xml.validation.exception.ValueParseException: data &quot;xxx&quot; is not a valid long.  A valid example is &quot;-1, 0, 12678967543233, +100000&quot;.
	</faultstring><faultactor/><detail><ns:Error xmlns:ns="http://www.ooredoo.dz/common/wsexception/v1" xmlns:ns0="http://schemas.xmlsoap.org/soap/envelope/" xmlns:xs="http://www.w3.org/2001/XMLSchema" xmlns:xsi="http://www.w3.org/2001/XMLSchema-instance"><ns:Detail><ns:ExceptionDetails><ns:Exception><ns:key>DetailException</ns:key><ns:value> org.xml.sax.SAXException: validation error: data &quot;xxx&quot; is not a valid long.  A valid example is &quot;-1, 0, 12678967543233, +100000&quot;.   ({com.tibco.xml.validation}SIMPLE_E_INVALID_VALUE_FOR_TYPE) at /{http://www.ooredoo.dz/ws/contract}setContractAndServicesRequest[1]/part1[1]/set:setContractAndServices[1]/SUBSCRIPTOR[1]/IdClient[1]
com.tibco.xml.validation.exception.ValueParseException: data &quot;xxx&quot; is not a valid long.  A valid example is &quot;-1, 0, 12678967543233, +100000&quot;.
	</ns:value></ns:Exception></ns:ExceptionDetails></ns:Detail></ns:Error></detail></SOAP-ENV:Fault></SOAP-ENV:Body></SOAP-ENV:Envelope>
[2026-03-29T13:07:31.096Z] --- Processing Line 41 of 49 ---
[2026-03-29T13:07:31.121Z] ❌ Line 41 FAILED: Request failed with status code 500
[2026-03-29T13:07:31.124Z]    DEBUG: WS Response Content: <SOAP-ENV:Envelope xmlns:SOAP-ENV="http://schemas.xmlsoap.org/soap/envelope/"><SOAP-ENV:Header/><SOAP-ENV:Body><SOAP-ENV:Fault><faultcode>InvalidInputDataException</faultcode><faultstring> org.xml.sax.SAXException: validation error: data &quot;xxx&quot; is not a valid long.  A valid example is &quot;-1, 0, 12678967543233, +100000&quot;.   ({com.tibco.xml.validation}SIMPLE_E_INVALID_VALUE_FOR_TYPE) at /{http://www.ooredoo.dz/ws/contract}setContractAndServicesRequest[1]/part1[1]/set:setContractAndServices[1]/SUBSCRIPTOR[1]/IdClient[1]
com.tibco.xml.validation.exception.ValueParseException: data &quot;xxx&quot; is not a valid long.  A valid example is &quot;-1, 0, 12678967543233, +100000&quot;.
	</faultstring><faultactor/><detail><ns:Error xmlns:ns="http://www.ooredoo.dz/common/wsexception/v1" xmlns:ns0="http://schemas.xmlsoap.org/soap/envelope/" xmlns:xs="http://www.w3.org/2001/XMLSchema" xmlns:xsi="http://www.w3.org/2001/XMLSchema-instance"><ns:Detail><ns:ExceptionDetails><ns:Exception><ns:key>DetailException</ns:key><ns:value> org.xml.sax.SAXException: validation error: data &quot;xxx&quot; is not a valid long.  A valid example is &quot;-1, 0, 12678967543233, +100000&quot;.   ({com.tibco.xml.validation}SIMPLE_E_INVALID_VALUE_FOR_TYPE) at /{http://www.ooredoo.dz/ws/contract}setContractAndServicesRequest[1]/part1[1]/set:setContractAndServices[1]/SUBSCRIPTOR[1]/IdClient[1]
com.tibco.xml.validation.exception.ValueParseException: data &quot;xxx&quot; is not a valid long.  A valid example is &quot;-1, 0, 12678967543233, +100000&quot;.
	</ns:value></ns:Exception></ns:ExceptionDetails></ns:Detail></ns:Error></detail></SOAP-ENV:Fault></SOAP-ENV:Body></SOAP-ENV:Envelope>
[2026-03-29T13:07:31.641Z] --- Processing Line 42 of 49 ---
[2026-03-29T13:07:31.665Z] ❌ Line 42 FAILED: Request failed with status code 500
[2026-03-29T13:07:31.668Z]    DEBUG: WS Response Content: <SOAP-ENV:Envelope xmlns:SOAP-ENV="http://schemas.xmlsoap.org/soap/envelope/"><SOAP-ENV:Header/><SOAP-ENV:Body><SOAP-ENV:Fault><faultcode>InvalidInputDataException</faultcode><faultstring> org.xml.sax.SAXException: validation error: data &quot;xxx&quot; is not a valid long.  A valid example is &quot;-1, 0, 12678967543233, +100000&quot;.   ({com.tibco.xml.validation}SIMPLE_E_INVALID_VALUE_FOR_TYPE) at /{http://www.ooredoo.dz/ws/contract}setContractAndServicesRequest[1]/part1[1]/set:setContractAndServices[1]/SUBSCRIPTOR[1]/IdClient[1]
com.tibco.xml.validation.exception.ValueParseException: data &quot;xxx&quot; is not a valid long.  A valid example is &quot;-1, 0, 12678967543233, +100000&quot;.
	</faultstring><faultactor/><detail><ns:Error xmlns:ns="http://www.ooredoo.dz/common/wsexception/v1" xmlns:ns0="http://schemas.xmlsoap.org/soap/envelope/" xmlns:xs="http://www.w3.org/2001/XMLSchema" xmlns:xsi="http://www.w3.org/2001/XMLSchema-instance"><ns:Detail><ns:ExceptionDetails><ns:Exception><ns:key>DetailException</ns:key><ns:value> org.xml.sax.SAXException: validation error: data &quot;xxx&quot; is not a valid long.  A valid example is &quot;-1, 0, 12678967543233, +100000&quot;.   ({com.tibco.xml.validation}SIMPLE_E_INVALID_VALUE_FOR_TYPE) at /{http://www.ooredoo.dz/ws/contract}setContractAndServicesRequest[1]/part1[1]/set:setContractAndServices[1]/SUBSCRIPTOR[1]/IdClient[1]
com.tibco.xml.validation.exception.ValueParseException: data &quot;xxx&quot; is not a valid long.  A valid example is &quot;-1, 0, 12678967543233, +100000&quot;.
	</ns:value></ns:Exception></ns:ExceptionDetails></ns:Detail></ns:Error></detail></SOAP-ENV:Fault></SOAP-ENV:Body></SOAP-ENV:Envelope>
[2026-03-29T13:07:32.185Z] --- Processing Line 43 of 49 ---
[2026-03-29T13:07:32.210Z] ❌ Line 43 FAILED: Request failed with status code 500
[2026-03-29T13:07:32.213Z]    DEBUG: WS Response Content: <SOAP-ENV:Envelope xmlns:SOAP-ENV="http://schemas.xmlsoap.org/soap/envelope/"><SOAP-ENV:Header/><SOAP-ENV:Body><SOAP-ENV:Fault><faultcode>InvalidInputDataException</faultcode><faultstring> org.xml.sax.SAXException: validation error: data &quot;xxx&quot; is not a valid long.  A valid example is &quot;-1, 0, 12678967543233, +100000&quot;.   ({com.tibco.xml.validation}SIMPLE_E_INVALID_VALUE_FOR_TYPE) at /{http://www.ooredoo.dz/ws/contract}setContractAndServicesRequest[1]/part1[1]/set:setContractAndServices[1]/SUBSCRIPTOR[1]/IdClient[1]
com.tibco.xml.validation.exception.ValueParseException: data &quot;xxx&quot; is not a valid long.  A valid example is &quot;-1, 0, 12678967543233, +100000&quot;.
	</faultstring><faultactor/><detail><ns:Error xmlns:ns="http://www.ooredoo.dz/common/wsexception/v1" xmlns:ns0="http://schemas.xmlsoap.org/soap/envelope/" xmlns:xs="http://www.w3.org/2001/XMLSchema" xmlns:xsi="http://www.w3.org/2001/XMLSchema-instance"><ns:Detail><ns:ExceptionDetails><ns:Exception><ns:key>DetailException</ns:key><ns:value> org.xml.sax.SAXException: validation error: data &quot;xxx&quot; is not a valid long.  A valid example is &quot;-1, 0, 12678967543233, +100000&quot;.   ({com.tibco.xml.validation}SIMPLE_E_INVALID_VALUE_FOR_TYPE) at /{http://www.ooredoo.dz/ws/contract}setContractAndServicesRequest[1]/part1[1]/set:setContractAndServices[1]/SUBSCRIPTOR[1]/IdClient[1]
com.tibco.xml.validation.exception.ValueParseException: data &quot;xxx&quot; is not a valid long.  A valid example is &quot;-1, 0, 12678967543233, +100000&quot;.
	</ns:value></ns:Exception></ns:ExceptionDetails></ns:Detail></ns:Error></detail></SOAP-ENV:Fault></SOAP-ENV:Body></SOAP-ENV:Envelope>
[2026-03-29T13:07:32.729Z] --- Processing Line 44 of 49 ---
[2026-03-29T13:07:32.755Z] ❌ Line 44 FAILED: Request failed with status code 500
[2026-03-29T13:07:32.757Z]    DEBUG: WS Response Content: <SOAP-ENV:Envelope xmlns:SOAP-ENV="http://schemas.xmlsoap.org/soap/envelope/"><SOAP-ENV:Header/><SOAP-ENV:Body><SOAP-ENV:Fault><faultcode>InvalidInputDataException</faultcode><faultstring> org.xml.sax.SAXException: validation error: data &quot;xxx&quot; is not a valid long.  A valid example is &quot;-1, 0, 12678967543233, +100000&quot;.   ({com.tibco.xml.validation}SIMPLE_E_INVALID_VALUE_FOR_TYPE) at /{http://www.ooredoo.dz/ws/contract}setContractAndServicesRequest[1]/part1[1]/set:setContractAndServices[1]/SUBSCRIPTOR[1]/IdClient[1]
com.tibco.xml.validation.exception.ValueParseException: data &quot;xxx&quot; is not a valid long.  A valid example is &quot;-1, 0, 12678967543233, +100000&quot;.
	</faultstring><faultactor/><detail><ns:Error xmlns:ns="http://www.ooredoo.dz/common/wsexception/v1" xmlns:ns0="http://schemas.xmlsoap.org/soap/envelope/" xmlns:xs="http://www.w3.org/2001/XMLSchema" xmlns:xsi="http://www.w3.org/2001/XMLSchema-instance"><ns:Detail><ns:ExceptionDetails><ns:Exception><ns:key>DetailException</ns:key><ns:value> org.xml.sax.SAXException: validation error: data &quot;xxx&quot; is not a valid long.  A valid example is &quot;-1, 0, 12678967543233, +100000&quot;.   ({com.tibco.xml.validation}SIMPLE_E_INVALID_VALUE_FOR_TYPE) at /{http://www.ooredoo.dz/ws/contract}setContractAndServicesRequest[1]/part1[1]/set:setContractAndServices[1]/SUBSCRIPTOR[1]/IdClient[1]
com.tibco.xml.validation.exception.ValueParseException: data &quot;xxx&quot; is not a valid long.  A valid example is &quot;-1, 0, 12678967543233, +100000&quot;.
	</ns:value></ns:Exception></ns:ExceptionDetails></ns:Detail></ns:Error></detail></SOAP-ENV:Fault></SOAP-ENV:Body></SOAP-ENV:Envelope>
[2026-03-29T13:07:33.276Z] --- Processing Line 45 of 49 ---
[2026-03-29T13:07:33.303Z] ❌ Line 45 FAILED: Request failed with status code 500
[2026-03-29T13:07:33.306Z]    DEBUG: WS Response Content: <SOAP-ENV:Envelope xmlns:SOAP-ENV="http://schemas.xmlsoap.org/soap/envelope/"><SOAP-ENV:Header/><SOAP-ENV:Body><SOAP-ENV:Fault><faultcode>InvalidInputDataException</faultcode><faultstring> org.xml.sax.SAXException: validation error: data &quot;xxx&quot; is not a valid long.  A valid example is &quot;-1, 0, 12678967543233, +100000&quot;.   ({com.tibco.xml.validation}SIMPLE_E_INVALID_VALUE_FOR_TYPE) at /{http://www.ooredoo.dz/ws/contract}setContractAndServicesRequest[1]/part1[1]/set:setContractAndServices[1]/SUBSCRIPTOR[1]/IdClient[1]
com.tibco.xml.validation.exception.ValueParseException: data &quot;xxx&quot; is not a valid long.  A valid example is &quot;-1, 0, 12678967543233, +100000&quot;.
	</faultstring><faultactor/><detail><ns:Error xmlns:ns="http://www.ooredoo.dz/common/wsexception/v1" xmlns:ns0="http://schemas.xmlsoap.org/soap/envelope/" xmlns:xs="http://www.w3.org/2001/XMLSchema" xmlns:xsi="http://www.w3.org/2001/XMLSchema-instance"><ns:Detail><ns:ExceptionDetails><ns:Exception><ns:key>DetailException</ns:key><ns:value> org.xml.sax.SAXException: validation error: data &quot;xxx&quot; is not a valid long.  A valid example is &quot;-1, 0, 12678967543233, +100000&quot;.   ({com.tibco.xml.validation}SIMPLE_E_INVALID_VALUE_FOR_TYPE) at /{http://www.ooredoo.dz/ws/contract}setContractAndServicesRequest[1]/part1[1]/set:setContractAndServices[1]/SUBSCRIPTOR[1]/IdClient[1]
com.tibco.xml.validation.exception.ValueParseException: data &quot;xxx&quot; is not a valid long.  A valid example is &quot;-1, 0, 12678967543233, +100000&quot;.
	</ns:value></ns:Exception></ns:ExceptionDetails></ns:Detail></ns:Error></detail></SOAP-ENV:Fault></SOAP-ENV:Body></SOAP-ENV:Envelope>
[2026-03-29T13:07:33.820Z] --- Processing Line 46 of 49 ---
[2026-03-29T13:07:33.846Z] ❌ Line 46 FAILED: Request failed with status code 500
[2026-03-29T13:07:33.849Z]    DEBUG: WS Response Content: <SOAP-ENV:Envelope xmlns:SOAP-ENV="http://schemas.xmlsoap.org/soap/envelope/"><SOAP-ENV:Header/><SOAP-ENV:Body><SOAP-ENV:Fault><faultcode>InvalidInputDataException</faultcode><faultstring> org.xml.sax.SAXException: validation error: data &quot;xxx&quot; is not a valid long.  A valid example is &quot;-1, 0, 12678967543233, +100000&quot;.   ({com.tibco.xml.validation}SIMPLE_E_INVALID_VALUE_FOR_TYPE) at /{http://www.ooredoo.dz/ws/contract}setContractAndServicesRequest[1]/part1[1]/set:setContractAndServices[1]/SUBSCRIPTOR[1]/IdClient[1]
com.tibco.xml.validation.exception.ValueParseException: data &quot;xxx&quot; is not a valid long.  A valid example is &quot;-1, 0, 12678967543233, +100000&quot;.
	</faultstring><faultactor/><detail><ns:Error xmlns:ns="http://www.ooredoo.dz/common/wsexception/v1" xmlns:ns0="http://schemas.xmlsoap.org/soap/envelope/" xmlns:xs="http://www.w3.org/2001/XMLSchema" xmlns:xsi="http://www.w3.org/2001/XMLSchema-instance"><ns:Detail><ns:ExceptionDetails><ns:Exception><ns:key>DetailException</ns:key><ns:value> org.xml.sax.SAXException: validation error: data &quot;xxx&quot; is not a valid long.  A valid example is &quot;-1, 0, 12678967543233, +100000&quot;.   ({com.tibco.xml.validation}SIMPLE_E_INVALID_VALUE_FOR_TYPE) at /{http://www.ooredoo.dz/ws/contract}setContractAndServicesRequest[1]/part1[1]/set:setContractAndServices[1]/SUBSCRIPTOR[1]/IdClient[1]
com.tibco.xml.validation.exception.ValueParseException: data &quot;xxx&quot; is not a valid long.  A valid example is &quot;-1, 0, 12678967543233, +100000&quot;.
	</ns:value></ns:Exception></ns:ExceptionDetails></ns:Detail></ns:Error></detail></SOAP-ENV:Fault></SOAP-ENV:Body></SOAP-ENV:Envelope>
[2026-03-29T13:07:34.368Z] --- Processing Line 47 of 49 ---
[2026-03-29T13:07:34.395Z] ❌ Line 47 FAILED: Request failed with status code 500
[2026-03-29T13:07:34.398Z]    DEBUG: WS Response Content: <SOAP-ENV:Envelope xmlns:SOAP-ENV="http://schemas.xmlsoap.org/soap/envelope/"><SOAP-ENV:Header/><SOAP-ENV:Body><SOAP-ENV:Fault><faultcode>InvalidInputDataException</faultcode><faultstring> org.xml.sax.SAXException: validation error: data &quot;xxx&quot; is not a valid long.  A valid example is &quot;-1, 0, 12678967543233, +100000&quot;.   ({com.tibco.xml.validation}SIMPLE_E_INVALID_VALUE_FOR_TYPE) at /{http://www.ooredoo.dz/ws/contract}setContractAndServicesRequest[1]/part1[1]/set:setContractAndServices[1]/SUBSCRIPTOR[1]/IdClient[1]
com.tibco.xml.validation.exception.ValueParseException: data &quot;xxx&quot; is not a valid long.  A valid example is &quot;-1, 0, 12678967543233, +100000&quot;.
	</faultstring><faultactor/><detail><ns:Error xmlns:ns="http://www.ooredoo.dz/common/wsexception/v1" xmlns:ns0="http://schemas.xmlsoap.org/soap/envelope/" xmlns:xs="http://www.w3.org/2001/XMLSchema" xmlns:xsi="http://www.w3.org/2001/XMLSchema-instance"><ns:Detail><ns:ExceptionDetails><ns:Exception><ns:key>DetailException</ns:key><ns:value> org.xml.sax.SAXException: validation error: data &quot;xxx&quot; is not a valid long.  A valid example is &quot;-1, 0, 12678967543233, +100000&quot;.   ({com.tibco.xml.validation}SIMPLE_E_INVALID_VALUE_FOR_TYPE) at /{http://www.ooredoo.dz/ws/contract}setContractAndServicesRequest[1]/part1[1]/set:setContractAndServices[1]/SUBSCRIPTOR[1]/IdClient[1]
com.tibco.xml.validation.exception.ValueParseException: data &quot;xxx&quot; is not a valid long.  A valid example is &quot;-1, 0, 12678967543233, +100000&quot;.
	</ns:value></ns:Exception></ns:ExceptionDetails></ns:Detail></ns:Error></detail></SOAP-ENV:Fault></SOAP-ENV:Body></SOAP-ENV:Envelope>
[2026-03-29T13:07:34.915Z] --- Processing Line 48 of 49 ---
[2026-03-29T13:07:34.939Z] ❌ Line 48 FAILED: Request failed with status code 500
[2026-03-29T13:07:34.942Z]    DEBUG: WS Response Content: <SOAP-ENV:Envelope xmlns:SOAP-ENV="http://schemas.xmlsoap.org/soap/envelope/"><SOAP-ENV:Header/><SOAP-ENV:Body><SOAP-ENV:Fault><faultcode>InvalidInputDataException</faultcode><faultstring> org.xml.sax.SAXException: validation error: data &quot;xxx&quot; is not a valid long.  A valid example is &quot;-1, 0, 12678967543233, +100000&quot;.   ({com.tibco.xml.validation}SIMPLE_E_INVALID_VALUE_FOR_TYPE) at /{http://www.ooredoo.dz/ws/contract}setContractAndServicesRequest[1]/part1[1]/set:setContractAndServices[1]/SUBSCRIPTOR[1]/IdClient[1]
com.tibco.xml.validation.exception.ValueParseException: data &quot;xxx&quot; is not a valid long.  A valid example is &quot;-1, 0, 12678967543233, +100000&quot;.
	</faultstring><faultactor/><detail><ns:Error xmlns:ns="http://www.ooredoo.dz/common/wsexception/v1" xmlns:ns0="http://schemas.xmlsoap.org/soap/envelope/" xmlns:xs="http://www.w3.org/2001/XMLSchema" xmlns:xsi="http://www.w3.org/2001/XMLSchema-instance"><ns:Detail><ns:ExceptionDetails><ns:Exception><ns:key>DetailException</ns:key><ns:value> org.xml.sax.SAXException: validation error: data &quot;xxx&quot; is not a valid long.  A valid example is &quot;-1, 0, 12678967543233, +100000&quot;.   ({com.tibco.xml.validation}SIMPLE_E_INVALID_VALUE_FOR_TYPE) at /{http://www.ooredoo.dz/ws/contract}setContractAndServicesRequest[1]/part1[1]/set:setContractAndServices[1]/SUBSCRIPTOR[1]/IdClient[1]
com.tibco.xml.validation.exception.ValueParseException: data &quot;xxx&quot; is not a valid long.  A valid example is &quot;-1, 0, 12678967543233, +100000&quot;.
	</ns:value></ns:Exception></ns:ExceptionDetails></ns:Detail></ns:Error></detail></SOAP-ENV:Fault></SOAP-ENV:Body></SOAP-ENV:Envelope>
[2026-03-29T13:07:35.449Z] --- Processing Line 49 of 49 ---
[2026-03-29T13:07:35.475Z] ❌ Line 49 FAILED: Request failed with status code 500
[2026-03-29T13:07:35.477Z]    DEBUG: WS Response Content: <SOAP-ENV:Envelope xmlns:SOAP-ENV="http://schemas.xmlsoap.org/soap/envelope/"><SOAP-ENV:Header/><SOAP-ENV:Body><SOAP-ENV:Fault><faultcode>InvalidInputDataException</faultcode><faultstring> org.xml.sax.SAXException: validation error: data &quot;xxx&quot; is not a valid long.  A valid example is &quot;-1, 0, 12678967543233, +100000&quot;.   ({com.tibco.xml.validation}SIMPLE_E_INVALID_VALUE_FOR_TYPE) at /{http://www.ooredoo.dz/ws/contract}setContractAndServicesRequest[1]/part1[1]/set:setContractAndServices[1]/SUBSCRIPTOR[1]/IdClient[1]
com.tibco.xml.validation.exception.ValueParseException: data &quot;xxx&quot; is not a valid long.  A valid example is &quot;-1, 0, 12678967543233, +100000&quot;.
	</faultstring><faultactor/><detail><ns:Error xmlns:ns="http://www.ooredoo.dz/common/wsexception/v1" xmlns:ns0="http://schemas.xmlsoap.org/soap/envelope/" xmlns:xs="http://www.w3.org/2001/XMLSchema" xmlns:xsi="http://www.w3.org/2001/XMLSchema-instance"><ns:Detail><ns:ExceptionDetails><ns:Exception><ns:key>DetailException</ns:key><ns:value> org.xml.sax.SAXException: validation error: data &quot;xxx&quot; is not a valid long.  A valid example is &quot;-1, 0, 12678967543233, +100000&quot;.   ({com.tibco.xml.validation}SIMPLE_E_INVALID_VALUE_FOR_TYPE) at /{http://www.ooredoo.dz/ws/contract}setContractAndServicesRequest[1]/part1[1]/set:setContractAndServices[1]/SUBSCRIPTOR[1]/IdClient[1]
com.tibco.xml.validation.exception.ValueParseException: data &quot;xxx&quot; is not a valid long.  A valid example is &quot;-1, 0, 12678967543233, +100000&quot;.
	</ns:value></ns:Exception></ns:ExceptionDetails></ns:Detail></ns:Error></detail></SOAP-ENV:Fault></SOAP-ENV:Body></SOAP-ENV:Envelope>
[2026-03-29T13:07:35.485Z] 📊 Finished SetContractAndServices_29032026_140127: 0 ok, 49 fail in 275.44s
